#
# A fatal error has been detected by the Java Runtime Environment:
#
#  SIGSEGV (0xb) at pc=0x0000000178dc1d0a, pid=58007, tid=26371
#
# JRE version: OpenJDK Runtime Environment GraalVM CE 23.0.2+7.1 (23.0.2+7) (build 23.0.2+7-jvmci-b01)
# Java VM: OpenJDK 64-Bit Server VM GraalVM CE 23.0.2+7.1 (23.0.2+7-jvmci-b01, mixed mode, sharing, tiered, jvmci, jvmci compiler, compressed oops, compressed class ptrs, g1 gc, bsd-amd64)
# Problematic frame:
# C  [libjvmcicompiler.dylib+0x7dd0a]  GreyToBlackObjRefVisitor_visitObjectReferenceInline_nYCIJ8rtJ3IcGEzFvGz1MD+0x6a
#
# No core dump will be written. Core dumps have been disabled. To enable core dumping, try "ulimit -c unlimited" before starting Java again
#
# If you would like to submit a bug report, please visit:
#   https://github.com/oracle/graal/issues
#

---------------  S U M M A R Y ------------

Command Line: -XX:ThreadPriorityPolicy=1 -XX:+UnlockExperimentalVMOptions -XX:+EnableJVMCIProduct -XX:-UnlockExperimentalVMOptions -Dclassworlds.conf=/Users/edsonmartins/apache-maven-3.9.5/bin/m2.conf -Dmaven.home=/Users/edsonmartins/apache-maven-3.9.5 -Dlibrary.jansi.path=/Users/edsonmartins/apache-maven-3.9.5/lib/jansi-native -Dmaven.multiModuleProjectDirectory=/Users/edsonmartins/relevant/archbase-app-framework org.codehaus.plexus.classworlds.launcher.Launcher clean compile -DskipTests -pl archbase-test-utils

Host: "Macmini6,2" x86_64 2300 MHz, 8 cores, 16G, Darwin 19.6.0, macOS 10.15.7 (19H2026)
Time: Sun Dec 28 17:05:28 2025 -03 elapsed time: 7.823723 seconds (0d 0h 0m 7s)

---------------  T H R E A D  ---------------

Current thread (0x00007f962f813200):  JavaThread "JVMCI-native CompilerThread0" daemon [_thread_in_native, id=26371, stack(0x000070000ed0c000,0x000070000ef0c000) (2048K)]


Current CompileTask:
JVMCI-native:7824 5814       4       java.util.IdentityHashMap::get (60 bytes)

Stack: [0x000070000ed0c000,0x000070000ef0c000],  sp=0x000070000ef0aa00,  free space=2042k
Native frames: (J=compiled Java code, j=interpreted, Vv=VM code, C=native code)
C  [libjvmcicompiler.dylib+0x7dd0a]  GreyToBlackObjRefVisitor_visitObjectReferenceInline_nYCIJ8rtJ3IcGEzFvGz1MD+0x6a
C  [libjvmcicompiler.dylib+0x7eb95]  GreyToBlackObjectVisitor_visitObjectInline_LRElFjNZUP8K8PpdYfjTK2+0x195
C  [libjvmcicompiler.dylib+0x7ccdf]  GreyObjectsWalker_walkGreyObjects_vGljxp4S46JtTO5CIn4waL+0x7f
C  [libjvmcicompiler.dylib+0x77c5d]  CopyingOldGeneration_scanGreyObjects_7eHH5Lu5iMKrlmE7jpA0V0+0x3d
C  [libjvmcicompiler.dylib+0x7c6b5]  GCImpl_scanGreyObjects_X2SiwRPMFKGzwRZo2PCDA7+0x85
C  [libjvmcicompiler.dylib+0x7c5ba]  GCImpl_scanFromRoots_EA89tmj81h2DpTS5rc5BvI+0xfa
C  [libjvmcicompiler.dylib+0x7c3c5]  GCImpl_scan_FA1c3ZY6Ac9VMn2LAahGqA+0x35
C  [libjvmcicompiler.dylib+0x7a23b]  GCImpl_doCollectCore_KJrdymaFkF20Yihp0l6weA+0x7b
C  [libjvmcicompiler.dylib+0x7a63b]  GCImpl_doCollectOnce_gUnAtggUlADUzw1fQQCh07+0xeb
C  [libjvmcicompiler.dylib+0x7a447]  GCImpl_doCollectImpl_JWifvs6C55Bfc06b5nztI8+0xa7
C  [libjvmcicompiler.dylib+0x79d95]  GCImpl_collectImpl_EAFJwTGw2BCJpTp8jvaCS3+0x45
C  [libjvmcicompiler.dylib+0x79f35]  GCImpl_collectOperation_3sVNo58P5ZHV6LoaKViCT4+0x105
C  [libjvmcicompiler.dylib+0x785cc]  GCImpl$CollectionVMOperation_operate_VNBVFHFvvWGRFdgzBBklWI+0x5c
C  [libjvmcicompiler.dylib+0x13abf0]  VMOperation_execute_V7IU4QmXUG4plhDbB6ZsJ1+0x100
C  [libjvmcicompiler.dylib+0x13b837]  VMOperationControl$WorkQueues_drain_P4BrE9Ju6g6mVTDDjgnwl1+0x67
C  [libjvmcicompiler.dylib+0x13bfe2]  VMOperationControl$WorkQueues_executeAllQueuedVMOperations_dtnwukxilWBqOmxoSyrlnF+0x152
C  [libjvmcicompiler.dylib+0x13be00]  VMOperationControl$WorkQueues_enqueueAndExecute_bIaOUoLYLkKZLQAfUeyFEB+0x70
C  [libjvmcicompiler.dylib+0x13c4c5]  VMOperationControl_enqueue_WjCS2N4xdRI27IZUCGDd7G+0xc5
C  [libjvmcicompiler.dylib+0x134dce]  NativeVMOperation_enqueue_W49h0zSnveCsdXnngT7lkC+0x3e
C  [libjvmcicompiler.dylib+0x7a114]  GCImpl_collectWithoutAllocating_3JkbhdqsFF0bYizLQcyXX9+0xb4
C  [libjvmcicompiler.dylib+0x79d05]  GCImpl_collect_E9a6as4dSw2qD4b4Yvthb1+0x25
C  [libjvmcicompiler.dylib+0x7a197]  GCImpl_collectionHint_1gFIznGtOz2KXytbokoku8+0x67
C  [libjvmcicompiler.dylib+0xee0137]  GraalServices_notifyLowMemoryPoint_qmmCyXwAyIKjBmAIO1nj94+0x67
C  [libjvmcicompiler.dylib+0x7c9ee8]  CompilationTask_runCompilation_kUQq7Vi40p0wOJWr8815EF+0x1c8
C  [libjvmcicompiler.dylib+0x7fc745]  HotSpotGraalCompiler_compileMethod_afJgNUCurc6mq57I2fBaV6+0x665
C  [libjvmcicompiler.dylib+0x7fbf8b]  HotSpotGraalCompiler_compileMethod_iEC6d5vZhX7mw4iIS2Zao0+0xcb
C  [libjvmcicompiler.dylib+0x7fc0b7]  HotSpotGraalCompiler_compileMethod_tpObCVe5VzBbWXDGNojOMF+0x17
C  [libjvmcicompiler.dylib+0x10acca2]  HotSpotJVMCIRuntime_compileMethod_YbtCYcgjCp3jZyskWZCGn1+0xe2
C  [libjvmcicompiler.dylib+0xe201a]  JNIJavaCallWrapperHolder_invoke_AIJI_A_TCibAcEsPR9ZELJBntyUd1+0x1ba
C  [libjvmcicompiler.dylib+0xcc875]  JNIJavaCallVariantWrapperHolder_invokeJJIJIJI_J_VA_LIST_Nonvirtual_tOgAiQODRg5ea2pM1JiRyC+0x155
V  [libjvm.dylib+0x6b1ccf]  JNIEnv_::CallNonvirtualObjectMethod(_jobject*, _jclass*, _jmethodID*, ...)+0x7f
V  [libjvm.dylib+0x6b19c4]  JVMCIEnv::call_HotSpotJVMCIRuntime_compileMethod(JVMCIObject, JVMCIObject, int, long, int)+0x144
V  [libjvm.dylib+0x6eb679]  JVMCIRuntime::compile_method(JVMCIEnv*, JVMCICompiler*, methodHandle const&, int)+0x149
V  [libjvm.dylib+0x3630a4]  CompileBroker::invoke_compiler_on_method(CompileTask*)+0xbc4
V  [libjvm.dylib+0x362277]  CompileBroker::compiler_thread_loop()+0x417
V  [libjvm.dylib+0x58c99c]  JavaThread::thread_main_inner()+0x9c
V  [libjvm.dylib+0xabe298]  Thread::call_run()+0xa8
V  [libjvm.dylib+0x9089da]  thread_native_entry(Thread*)+0x10a
C  [libsystem_pthread.dylib+0x6109]  _pthread_start+0x94
C  [libsystem_pthread.dylib+0x1b8b]  thread_start+0xf

siginfo: si_signo: 11 (SIGSEGV), si_code: 1 (SEGV_MAPERR), si_addr: 0x000000019b500000

Registers:
RAX=0x000000019b500000, RBX=0x0000000000000000, RCX=0x0000000000000001, RDX=0x0000000000000000
RSP=0x000070000ef0aa00, RBP=0x000070000ef0aa80, RSI=0x000000017c8d4948, RDI=0x000000017c289408
R8 =0x000000017c8d48e0, R9 =0x000000017b747868, R10=0x000000017c7bd788, R11=0x000000017bfdbd30
R12=0x0000000000000001, R13=0x0000000000000004, R14=0x000000017b500000, R15=0x00007f9632b10340
RIP=0x0000000178dc1d0a, EFLAGS=0x0000000000010216, ERR=0x0000000000000004
  TRAPNO=0x000000000000000e


Register to memory mapping:

RAX=0x000000019b500000 is an unknown value
RBX=0x0 is null
RCX=0x0000000000000001 is an unknown value
RDX=0x0 is null
RSP=0x000070000ef0aa00 is pointing into the stack for thread: 0x00007f962f813200
RBP=0x000070000ef0aa80 is pointing into the stack for thread: 0x00007f962f813200
RSI=0x000000017c8d4948 points into unknown readable memory: 0x0000000020000000 | 00 00 00 20 00 00 00 00
RDI=0x000000017c289408 points into unknown readable memory: 0x00000000008b4db2 | b2 4d 8b 00 00 00 00 00
R8 =0x000000017c8d48e0 points into unknown readable memory: 0x00000000007dad82 | 82 ad 7d 00 00 00 00 00
R9 =0x000000017b747868 points into unknown readable memory: 0x000000000093a370 | 70 a3 93 00 00 00 00 00
R10=0x000000017c7bd788 points into unknown readable memory: 0x00000000008fdcb9 | b9 dc 8f 00 00 00 00 00
R11=0x000000017bfdbd30 points into unknown readable memory: 0x000000000093fe82 | 82 fe 93 00 00 00 00 00
R12=0x0000000000000001 is an unknown value
R13=0x0000000000000004 is an unknown value
R14=0x000000017b500000 is an unknown value
R15=0x00007f9632b10340 points into unknown readable memory: 0x000000017bcab908 | 08 b9 ca 7b 01 00 00 00

Top of Stack: (sp=0x000070000ef0aa00)
0x000070000ef0aa00:   000000017c98bb40 0000000112902cc0
0x000070000ef0aa10:   000000017c289ed0 000000017b747868
0x000070000ef0aa20:   00000001319a7d50 000000017bfdc0a0
0x000070000ef0aa30:   000000017c8d48e0 000000017c289408
0x000070000ef0aa40:   000070000ef0ab80 000000017c92a5a0
0x000070000ef0aa50:   000000017c8d4890 0000000178dcab66
0x000070000ef0aa60:   0000000100000000 0000000131980000
0x000070000ef0aa70:   0000000000000000 00000000000000c0
0x000070000ef0aa80:   000070000ef0abb0 0000000178dc2b95
0x000070000ef0aa90:   000000017c289628 000000017c287ac8
0x000070000ef0aaa0:   000070000ef0aac0 0000000178dcb602
0x000070000ef0aab0:   000000017b747868 000000017bfdc0a0
0x000070000ef0aac0:   000000017bfdc0a0 0000000000864508
0x000070000ef0aad0:   0000000000d89408 000000017bcdad80
0x000070000ef0aae0:   000000017c289408 000000017c8d48e0
0x000070000ef0aaf0:   000000017c2d0258 000000017bf48808
0x000070000ef0ab00:   000070000ef0ab30 0000000178e554cf
0x000070000ef0ab10:   0000000112902c30 00000000000000e0
0x000070000ef0ab20:   000070000ef0abb0 000000017c289638
0x000070000ef0ab30:   000000017bef97e4 0000000078dcdee5
0x000070000ef0ab40:   0000000000000002 000000207b747868
0x000070000ef0ab50:   000000017c289628 0000000000000000
0x000070000ef0ab60:   000000017c929b70 000000017c8d4948
0x000070000ef0ab70:   000000207c289408 000000017bef98c0
0x000070000ef0ab80:   000000000ef0abd0 000000017bef98c0
0x000070000ef0ab90:   0000000100000000 0000000000000004
0x000070000ef0aba0:   000000017c8d48e0 000000037c288838
0x000070000ef0abb0:   000070000ef0abf0 0000000178dc0cdf
0x000070000ef0abc0:   000070000ef0abf0 000000017c8d48e0
0x000070000ef0abd0:   000000017c287ac8 000000017c0e72d0
0x000070000ef0abe0:   000000017c8d48e0 000000017c880000
0x000070000ef0abf0:   000070000ef0ac10 0000000178dbbc5d 

Instructions: (pc=0x0000000178dc1d0a)
0x0000000178dc1c0a:   44 8b 4c 24 5c 4c 8b 54 24 50 e8 d7 f4 0a 00 90
0x0000000178dc1c1a:   48 8b ca 48 8b 44 24 30 44 8b 4c 24 5c 4c 8b 54
0x0000000178dc1c2a:   24 50 e8 bf f4 0a 00 90 48 8b 4c 24 20 48 8b 44
0x0000000178dc1c3a:   24 30 44 8b 4c 24 5c 4c 8b 54 24 50 e8 c5 f5 0a
0x0000000178dc1c4a:   00 90 48 8b 4c 24 20 48 8b 44 24 30 44 8b 4c 24
0x0000000178dc1c5a:   5c 4c 8b 54 24 50 e8 8b f4 0a 00 90 44 8b 5c 24
0x0000000178dc1c6a:   64 4c 8b 6c 24 28 48 8b 74 24 68 48 8b 4c 24 20
0x0000000178dc1c7a:   48 8b 44 24 30 44 8b 4c 24 5c 4c 8b 54 24 50 4c
0x0000000178dc1c8a:   8b 44 24 38 48 8d 92 38 04 00 00 e8 56 f4 0a 00
0x0000000178dc1c9a:   90 cc cc cc cc cc 55 48 8b ec 48 81 ec 80 00 00
0x0000000178dc1caa:   00 48 8b 47 08 48 85 c0 0f 84 fd 0b 00 00 85 c9
0x0000000178dc1cba:   0f 84 59 01 00 00 48 8b 04 35 00 00 00 00 49 8d
0x0000000178dc1cca:   04 06 49 2b c6 74 03 49 03 c6 48 63 da 48 3b d8
0x0000000178dc1cda:   0f 84 45 01 00 00 49 b9 68 78 24 00 00 00 00 00
0x0000000178dc1cea:   4f 8d 0c 0e 4d 8b 51 58 4f 8d 14 16 4d 2b d6 74
0x0000000178dc1cfa:   03 4d 03 d6 48 2b c3 4c 3b d0 0f 86 29 01 00 00
0x0000000178dc1d0a:   4c 8b 10 49 bb 30 bd ad 00 00 00 00 00 4f 8d 1c
0x0000000178dc1d1a:   1e 45 0f be 63 48 45 84 e4 0f 84 31 01 00 00 4c
0x0000000178dc1d2a:   89 44 24 30 4d 8b ea 49 83 e5 06 49 83 fd 04 0f
0x0000000178dc1d3a:   84 29 01 00 00 89 54 24 7c 48 89 5c 24 70 48 85
0x0000000178dc1d4a:   c0 49 0f 44 c6 4d 2b ed 49 3b c6 4c 0f 45 e8 49
0x0000000178dc1d5a:   83 e2 01 45 8b d2 45 85 d2 0f 84 57 01 00 00 4d
0x0000000178dc1d6a:   8d 6d c8 4c 89 6c 24 68 49 8b 55 20 4d 8d 2c 16
0x0000000178dc1d7a:   4c 89 6c 24 28 41 8b da 83 f3 01 48 85 d2 0f 84
0x0000000178dc1d8a:   3e 0b 00 00 41 80 7c 16 44 00 0f 84 37 01 00 00
0x0000000178dc1d9a:   4c 89 4c 24 18 89 4c 24 5c 48 89 74 24 50 48 8b
0x0000000178dc1daa:   c8 48 3b c1 0f 84 49 00 00 00 44 8b 44 24 7c 0f
0x0000000178dc1dba:   1f 80 00 00 00 00 45 85 c0 0f 84 e9 01 00 00 48
0x0000000178dc1dca:   2b c9 49 3b c6 48 0f 45 c8 48 03 4c 24 70 48 85
0x0000000178dc1dda:   c9 49 0f 44 ce 44 8b 4c 24 5c 45 85 c9 0f 84 b8
0x0000000178dc1dea:   01 00 00 4c 8b 5c 24 50 49 2b ce 4a 89 0c 1d 00
0x0000000178dc1dfa:   00 00 00 4c 8b 64 24 30 4d 3b e6 0f 85 03 01 00 


Stack slot to memory mapping:

stack at sp + 0 slots: 0x000000017c98bb40 points into unknown readable memory: 0x0000000000864508 | 08 45 86 00 00 00 00 00
stack at sp + 1 slots: 0x0000000112902cc0 points into unknown readable memory: 0x0000000000900b22 | 22 0b 90 00 00 00 00 00
stack at sp + 2 slots: 0x000000017c289ed0 points into unknown readable memory: 0xffffffff97402cc0 | c0 2c 40 97 ff ff ff ff
stack at sp + 3 slots: 0x000000017b747868 points into unknown readable memory: 0x000000000093a370 | 70 a3 93 00 00 00 00 00
stack at sp + 4 slots: 0x00000001319a7d50 points into unknown readable memory: 0x000000000142a5a4 | a4 a5 42 01 00 00 00 00
stack at sp + 5 slots: 0x000000017bfdc0a0 points into unknown readable memory: 0x000000000093d3e2 | e2 d3 93 00 00 00 00 00
stack at sp + 6 slots: 0x000000017c8d48e0 points into unknown readable memory: 0x00000000007dad82 | 82 ad 7d 00 00 00 00 00
stack at sp + 7 slots: 0x000000017c289408 points into unknown readable memory: 0x00000000008b4db2 | b2 4d 8b 00 00 00 00 00

Lock stack of current Java thread (top to bottom):


---------------  P R O C E S S  ---------------

Threads class SMR info:
_java_thread_list=0x00007f962cf32d90, length=12, elements={
0x00007f962f808200, 0x00007f9630017a00, 0x00007f963001ac00, 0x00007f962f811a00,
0x00007f962f812200, 0x00007f962f812a00, 0x00007f962f813200, 0x00007f962d008800,
0x00007f9630808200, 0x00007f962e01ca00, 0x00007f9630809400, 0x00007f962d05fe00
}

Java Threads: ( => current thread )
  0x00007f962f808200 JavaThread "main"                              [_thread_in_Java, id=9731, stack(0x000070000dedf000,0x000070000dfdf000) (1024K)]
  0x00007f9630017a00 JavaThread "Reference Handler"          daemon [_thread_blocked, id=24323, stack(0x000070000e7fd000,0x000070000e8fd000) (1024K)]
  0x00007f963001ac00 JavaThread "Finalizer"                  daemon [_thread_blocked, id=24835, stack(0x000070000e900000,0x000070000ea00000) (1024K)]
  0x00007f962f811a00 JavaThread "Signal Dispatcher"          daemon [_thread_blocked, id=40451, stack(0x000070000ea03000,0x000070000eb03000) (1024K)]
  0x00007f962f812200 JavaThread "Service Thread"             daemon [_thread_blocked, id=25603, stack(0x000070000eb06000,0x000070000ec06000) (1024K)]
  0x00007f962f812a00 JavaThread "Monitor Deflation Thread"   daemon [_thread_blocked, id=25859, stack(0x000070000ec09000,0x000070000ed09000) (1024K)]
=>0x00007f962f813200 JavaThread "JVMCI-native CompilerThread0" daemon [_thread_in_native, id=26371, stack(0x000070000ed0c000,0x000070000ef0c000) (2048K)]
  0x00007f962d008800 JavaThread "C1 CompilerThread0"         daemon [_thread_blocked, id=39683, stack(0x000070000ef0f000,0x000070000f10f000) (2048K)]
  0x00007f9630808200 JavaThread "Common-Cleaner"             daemon [_thread_blocked, id=26883, stack(0x000070000f112000,0x000070000f212000) (1024K)]
  0x00007f962e01ca00 JavaThread "C1 CompilerThread1"         daemon [_thread_blocked, id=39171, stack(0x000070000f215000,0x000070000f415000) (2048K)]
  0x00007f9630809400 JavaThread "Notification Thread"        daemon [_thread_blocked, id=38659, stack(0x000070000f418000,0x000070000f518000) (1024K)]
  0x00007f962d05fe00 JavaThread "C1 CompilerThread2"         daemon [_thread_blocked, id=38147, stack(0x000070000f51b000,0x000070000f71b000) (2048K)]
Total: 12

Other Threads:
  0x00007f962e8114b0 VMThread "VM Thread"                           [id=17411, stack(0x000070000e5f4000,0x000070000e6f4000) (1024K)]
  0x00007f962cd43470 WatcherThread "VM Periodic Task Thread"        [id=18691, stack(0x000070000e4f1000,0x000070000e5f1000) (1024K)]
  0x00007f962cd15a50 WorkerThread "GC Thread#0"                     [id=12803, stack(0x000070000dfe2000,0x000070000e0e2000) (1024K)]
  0x00007f962cd95260 WorkerThread "GC Thread#1"                     [id=27395, stack(0x000070000f71e000,0x000070000f81e000) (1024K)]
  0x00007f962cd95bc0 WorkerThread "GC Thread#2"                     [id=27651, stack(0x000070000f821000,0x000070000f921000) (1024K)]
  0x00007f962ea6d1f0 WorkerThread "GC Thread#3"                     [id=37379, stack(0x000070000f924000,0x000070000fa24000) (1024K)]
  0x00007f962cd965e0 WorkerThread "GC Thread#4"                     [id=27907, stack(0x000070000fa27000,0x000070000fb27000) (1024K)]
  0x00007f962e97e440 WorkerThread "GC Thread#5"                     [id=28419, stack(0x000070000fb2a000,0x000070000fc2a000) (1024K)]
  0x00007f962e8efde0 WorkerThread "GC Thread#6"                     [id=28931, stack(0x000070000fc2d000,0x000070000fd2d000) (1024K)]
  0x00007f962e8f06d0 WorkerThread "GC Thread#7"                     [id=29187, stack(0x000070000fd30000,0x000070000fe30000) (1024K)]
  0x00007f962cd16920 ConcurrentGCThread "G1 Main Marker"            [id=13315, stack(0x000070000e0e5000,0x000070000e1e5000) (1024K)]
  0x00007f962cd17730 WorkerThread "G1 Conc#0"                       [id=14083, stack(0x000070000e1e8000,0x000070000e2e8000) (1024K)]
  0x00007f962f0a3200 ConcurrentGCThread "G1 Refine#0"               [id=14595, stack(0x000070000e2eb000,0x000070000e3eb000) (1024K)]
  0x00007f962cd3eb90 ConcurrentGCThread "G1 Service"                [id=14851, stack(0x000070000e3ee000,0x000070000e4ee000) (1024K)]
Total: 14

Threads with active compile tasks:
JVMCI-native CompilerThread0  7847 5814       4       java.util.IdentityHashMap::get (60 bytes)
Total: 1

VM state: not at safepoint (normal execution)

VM Mutex/Monitor currently owned by a thread: None

Heap address: 0x0000000700000000, size: 4096 MB, Compressed Oops mode: Zero based, Oop shift amount: 3

CDS archive(s) mapped at: [0x0000000132000000-0x0000000132d7c000-0x0000000132d7c000), size 14139392, SharedBaseAddress: 0x0000000132000000, ArchiveRelocationMode: 1.
Compressed class space mapped at: 0x0000000133000000-0x0000000173000000, reserved size: 1073741824
Narrow klass base: 0x0000000132000000, Narrow klass shift: 0, Narrow klass range: 0x100000000

GC Precious Log:
 CardTable entry size: 512
 Card Set container configuration: InlinePtr #cards 4 size 8 Array Of Cards #cards 16 size 48 Howl #buckets 8 coarsen threshold 3686 Howl Bitmap #cards 512 size 80 coarsen threshold 460 Card regions per heap region 1 cards per card region 4096
 CPUs: 8 total, 8 available
 Memory: 16384M
 Large Page Support: Disabled
 NUMA Support: Disabled
 Compressed Oops: Enabled (Zero based)
 Heap Region Size: 2M
 Heap Min Capacity: 8M
 Heap Initial Capacity: 256M
 Heap Max Capacity: 4G
 Pre-touch: Disabled
 Parallel Workers: 8
 Concurrent Workers: 2
 Concurrent Refinement Workers: 8
 Periodic GC: Disabled

Heap:
 garbage-first heap   total reserved 4194304K, committed 264192K, used 77275K [0x0000000700000000, 0x0000000800000000)
  region size 2048K, 27 young (55296K), 5 survivors (10240K)
 Metaspace       used 19050K, committed 19328K, reserved 1114112K
  class space    used 1948K, committed 2048K, reserved 1048576K

Heap Regions: E=young(eden), S=young(survivor), O=old, HS=humongous(starts), HC=humongous(continues), CS=collection set, F=free, TAMS=top-at-mark-start, PB=parsable bottom
|   0|0x0000000700000000, 0x0000000700200000, 0x0000000700200000|100%| O|  |TAMS 0x0000000700000000| PB 0x0000000700000000| Untracked |  0
|   1|0x0000000700200000, 0x0000000700400000, 0x0000000700400000|100%| O|  |TAMS 0x0000000700200000| PB 0x0000000700200000| Untracked |  0
|   2|0x0000000700400000, 0x0000000700600000, 0x0000000700600000|100%| O|  |TAMS 0x0000000700400000| PB 0x0000000700400000| Untracked |  0
|   3|0x0000000700600000, 0x0000000700800000, 0x0000000700800000|100%| O|  |TAMS 0x0000000700600000| PB 0x0000000700600000| Untracked |  0
|   4|0x0000000700800000, 0x0000000700a00000, 0x0000000700a00000|100%| O|  |TAMS 0x0000000700800000| PB 0x0000000700800000| Untracked |  0
|   5|0x0000000700a00000, 0x0000000700c00000, 0x0000000700c00000|100%| O|  |TAMS 0x0000000700a00000| PB 0x0000000700a00000| Untracked |  0
|   6|0x0000000700c00000, 0x0000000700e00000, 0x0000000700e00000|100%| O|  |TAMS 0x0000000700c00000| PB 0x0000000700c00000| Untracked |  0
|   7|0x0000000700e00000, 0x0000000701000000, 0x0000000701000000|100%| O|  |TAMS 0x0000000700e00000| PB 0x0000000700e00000| Untracked |  0
|   8|0x0000000701000000, 0x0000000701200000, 0x0000000701200000|100%| O|  |TAMS 0x0000000701000000| PB 0x0000000701000000| Untracked |  0
|   9|0x0000000701200000, 0x0000000701400000, 0x0000000701400000|100%| O|  |TAMS 0x0000000701200000| PB 0x0000000701200000| Untracked |  0
|  10|0x0000000701400000, 0x0000000701600000, 0x0000000701600000|100%| O|  |TAMS 0x0000000701400000| PB 0x0000000701400000| Untracked |  0
|  11|0x0000000701600000, 0x0000000701800000, 0x0000000701800000|100%| O|  |TAMS 0x0000000701600000| PB 0x0000000701600000| Untracked |  0
|  12|0x0000000701800000, 0x0000000701800000, 0x0000000701a00000|  0%| F|  |TAMS 0x0000000701800000| PB 0x0000000701800000| Untracked |  0
|  13|0x0000000701a00000, 0x0000000701a00000, 0x0000000701c00000|  0%| F|  |TAMS 0x0000000701a00000| PB 0x0000000701a00000| Untracked |  0
|  14|0x0000000701c00000, 0x0000000701c00000, 0x0000000701e00000|  0%| F|  |TAMS 0x0000000701c00000| PB 0x0000000701c00000| Untracked |  0
|  15|0x0000000701e00000, 0x0000000701e00000, 0x0000000702000000|  0%| F|  |TAMS 0x0000000701e00000| PB 0x0000000701e00000| Untracked |  0
|  16|0x0000000702000000, 0x0000000702000000, 0x0000000702200000|  0%| F|  |TAMS 0x0000000702000000| PB 0x0000000702000000| Untracked |  0
|  17|0x0000000702200000, 0x0000000702200000, 0x0000000702400000|  0%| F|  |TAMS 0x0000000702200000| PB 0x0000000702200000| Untracked |  0
|  18|0x0000000702400000, 0x0000000702400000, 0x0000000702600000|  0%| F|  |TAMS 0x0000000702400000| PB 0x0000000702400000| Untracked |  0
|  19|0x0000000702600000, 0x0000000702600000, 0x0000000702800000|  0%| F|  |TAMS 0x0000000702600000| PB 0x0000000702600000| Untracked |  0
|  20|0x0000000702800000, 0x0000000702800000, 0x0000000702a00000|  0%| F|  |TAMS 0x0000000702800000| PB 0x0000000702800000| Untracked |  0
|  21|0x0000000702a00000, 0x0000000702a00000, 0x0000000702c00000|  0%| F|  |TAMS 0x0000000702a00000| PB 0x0000000702a00000| Untracked |  0
|  22|0x0000000702c00000, 0x0000000702c00000, 0x0000000702e00000|  0%| F|  |TAMS 0x0000000702c00000| PB 0x0000000702c00000| Untracked |  0
|  23|0x0000000702e00000, 0x0000000702e00000, 0x0000000703000000|  0%| F|  |TAMS 0x0000000702e00000| PB 0x0000000702e00000| Untracked |  0
|  24|0x0000000703000000, 0x0000000703000000, 0x0000000703200000|  0%| F|  |TAMS 0x0000000703000000| PB 0x0000000703000000| Untracked |  0
|  25|0x0000000703200000, 0x0000000703200000, 0x0000000703400000|  0%| F|  |TAMS 0x0000000703200000| PB 0x0000000703200000| Untracked |  0
|  26|0x0000000703400000, 0x0000000703400000, 0x0000000703600000|  0%| F|  |TAMS 0x0000000703400000| PB 0x0000000703400000| Untracked |  0
|  27|0x0000000703600000, 0x0000000703600000, 0x0000000703800000|  0%| F|  |TAMS 0x0000000703600000| PB 0x0000000703600000| Untracked |  0
|  28|0x0000000703800000, 0x0000000703800000, 0x0000000703a00000|  0%| F|  |TAMS 0x0000000703800000| PB 0x0000000703800000| Untracked |  0
|  29|0x0000000703a00000, 0x0000000703a00000, 0x0000000703c00000|  0%| F|  |TAMS 0x0000000703a00000| PB 0x0000000703a00000| Untracked |  0
|  30|0x0000000703c00000, 0x0000000703c00000, 0x0000000703e00000|  0%| F|  |TAMS 0x0000000703c00000| PB 0x0000000703c00000| Untracked |  0
|  31|0x0000000703e00000, 0x0000000703e00000, 0x0000000704000000|  0%| F|  |TAMS 0x0000000703e00000| PB 0x0000000703e00000| Untracked |  0
|  32|0x0000000704000000, 0x0000000704000000, 0x0000000704200000|  0%| F|  |TAMS 0x0000000704000000| PB 0x0000000704000000| Untracked |  0
|  33|0x0000000704200000, 0x0000000704200000, 0x0000000704400000|  0%| F|  |TAMS 0x0000000704200000| PB 0x0000000704200000| Untracked |  0
|  34|0x0000000704400000, 0x0000000704400000, 0x0000000704600000|  0%| F|  |TAMS 0x0000000704400000| PB 0x0000000704400000| Untracked |  0
|  35|0x0000000704600000, 0x0000000704600000, 0x0000000704800000|  0%| F|  |TAMS 0x0000000704600000| PB 0x0000000704600000| Untracked |  0
|  36|0x0000000704800000, 0x0000000704800000, 0x0000000704a00000|  0%| F|  |TAMS 0x0000000704800000| PB 0x0000000704800000| Untracked |  0
|  37|0x0000000704a00000, 0x0000000704a00000, 0x0000000704c00000|  0%| F|  |TAMS 0x0000000704a00000| PB 0x0000000704a00000| Untracked |  0
|  38|0x0000000704c00000, 0x0000000704c00000, 0x0000000704e00000|  0%| F|  |TAMS 0x0000000704c00000| PB 0x0000000704c00000| Untracked |  0
|  39|0x0000000704e00000, 0x0000000704e00000, 0x0000000705000000|  0%| F|  |TAMS 0x0000000704e00000| PB 0x0000000704e00000| Untracked |  0
|  40|0x0000000705000000, 0x0000000705000000, 0x0000000705200000|  0%| F|  |TAMS 0x0000000705000000| PB 0x0000000705000000| Untracked |  0
|  41|0x0000000705200000, 0x0000000705200000, 0x0000000705400000|  0%| F|  |TAMS 0x0000000705200000| PB 0x0000000705200000| Untracked |  0
|  42|0x0000000705400000, 0x0000000705400000, 0x0000000705600000|  0%| F|  |TAMS 0x0000000705400000| PB 0x0000000705400000| Untracked |  0
|  43|0x0000000705600000, 0x0000000705600000, 0x0000000705800000|  0%| F|  |TAMS 0x0000000705600000| PB 0x0000000705600000| Untracked |  0
|  44|0x0000000705800000, 0x0000000705800000, 0x0000000705a00000|  0%| F|  |TAMS 0x0000000705800000| PB 0x0000000705800000| Untracked |  0
|  45|0x0000000705a00000, 0x0000000705a00000, 0x0000000705c00000|  0%| F|  |TAMS 0x0000000705a00000| PB 0x0000000705a00000| Untracked |  0
|  46|0x0000000705c00000, 0x0000000705c00000, 0x0000000705e00000|  0%| F|  |TAMS 0x0000000705c00000| PB 0x0000000705c00000| Untracked |  0
|  47|0x0000000705e00000, 0x0000000705e00000, 0x0000000706000000|  0%| F|  |TAMS 0x0000000705e00000| PB 0x0000000705e00000| Untracked |  0
|  48|0x0000000706000000, 0x0000000706000000, 0x0000000706200000|  0%| F|  |TAMS 0x0000000706000000| PB 0x0000000706000000| Untracked |  0
|  49|0x0000000706200000, 0x0000000706200000, 0x0000000706400000|  0%| F|  |TAMS 0x0000000706200000| PB 0x0000000706200000| Untracked |  0
|  50|0x0000000706400000, 0x0000000706400000, 0x0000000706600000|  0%| F|  |TAMS 0x0000000706400000| PB 0x0000000706400000| Untracked |  0
|  51|0x0000000706600000, 0x0000000706600000, 0x0000000706800000|  0%| F|  |TAMS 0x0000000706600000| PB 0x0000000706600000| Untracked |  0
|  52|0x0000000706800000, 0x0000000706800000, 0x0000000706a00000|  0%| F|  |TAMS 0x0000000706800000| PB 0x0000000706800000| Untracked |  0
|  53|0x0000000706a00000, 0x0000000706a00000, 0x0000000706c00000|  0%| F|  |TAMS 0x0000000706a00000| PB 0x0000000706a00000| Untracked |  0
|  54|0x0000000706c00000, 0x0000000706c00000, 0x0000000706e00000|  0%| F|  |TAMS 0x0000000706c00000| PB 0x0000000706c00000| Untracked |  0
|  55|0x0000000706e00000, 0x0000000706e00000, 0x0000000707000000|  0%| F|  |TAMS 0x0000000706e00000| PB 0x0000000706e00000| Untracked |  0
|  56|0x0000000707000000, 0x0000000707000000, 0x0000000707200000|  0%| F|  |TAMS 0x0000000707000000| PB 0x0000000707000000| Untracked |  0
|  57|0x0000000707200000, 0x0000000707200000, 0x0000000707400000|  0%| F|  |TAMS 0x0000000707200000| PB 0x0000000707200000| Untracked |  0
|  58|0x0000000707400000, 0x0000000707400000, 0x0000000707600000|  0%| F|  |TAMS 0x0000000707400000| PB 0x0000000707400000| Untracked |  0
|  59|0x0000000707600000, 0x0000000707600000, 0x0000000707800000|  0%| F|  |TAMS 0x0000000707600000| PB 0x0000000707600000| Untracked |  0
|  60|0x0000000707800000, 0x0000000707800000, 0x0000000707a00000|  0%| F|  |TAMS 0x0000000707800000| PB 0x0000000707800000| Untracked |  0
|  61|0x0000000707a00000, 0x0000000707a00000, 0x0000000707c00000|  0%| F|  |TAMS 0x0000000707a00000| PB 0x0000000707a00000| Untracked |  0
|  62|0x0000000707c00000, 0x0000000707c00000, 0x0000000707e00000|  0%| F|  |TAMS 0x0000000707c00000| PB 0x0000000707c00000| Untracked |  0
|  63|0x0000000707e00000, 0x0000000707e00000, 0x0000000708000000|  0%| F|  |TAMS 0x0000000707e00000| PB 0x0000000707e00000| Untracked |  0
|  64|0x0000000708000000, 0x0000000708000000, 0x0000000708200000|  0%| F|  |TAMS 0x0000000708000000| PB 0x0000000708000000| Untracked |  0
|  65|0x0000000708200000, 0x0000000708200000, 0x0000000708400000|  0%| F|  |TAMS 0x0000000708200000| PB 0x0000000708200000| Untracked |  0
|  66|0x0000000708400000, 0x0000000708400000, 0x0000000708600000|  0%| F|  |TAMS 0x0000000708400000| PB 0x0000000708400000| Untracked |  0
|  67|0x0000000708600000, 0x0000000708600000, 0x0000000708800000|  0%| F|  |TAMS 0x0000000708600000| PB 0x0000000708600000| Untracked |  0
|  68|0x0000000708800000, 0x0000000708800000, 0x0000000708a00000|  0%| F|  |TAMS 0x0000000708800000| PB 0x0000000708800000| Untracked |  0
|  69|0x0000000708a00000, 0x0000000708a00000, 0x0000000708c00000|  0%| F|  |TAMS 0x0000000708a00000| PB 0x0000000708a00000| Untracked |  0
|  70|0x0000000708c00000, 0x0000000708c00000, 0x0000000708e00000|  0%| F|  |TAMS 0x0000000708c00000| PB 0x0000000708c00000| Untracked |  0
|  71|0x0000000708e00000, 0x0000000708e00000, 0x0000000709000000|  0%| F|  |TAMS 0x0000000708e00000| PB 0x0000000708e00000| Untracked |  0
|  72|0x0000000709000000, 0x0000000709000000, 0x0000000709200000|  0%| F|  |TAMS 0x0000000709000000| PB 0x0000000709000000| Untracked |  0
|  73|0x0000000709200000, 0x0000000709200000, 0x0000000709400000|  0%| F|  |TAMS 0x0000000709200000| PB 0x0000000709200000| Untracked |  0
|  74|0x0000000709400000, 0x0000000709400000, 0x0000000709600000|  0%| F|  |TAMS 0x0000000709400000| PB 0x0000000709400000| Untracked |  0
|  75|0x0000000709600000, 0x0000000709600000, 0x0000000709800000|  0%| F|  |TAMS 0x0000000709600000| PB 0x0000000709600000| Untracked |  0
|  76|0x0000000709800000, 0x0000000709800000, 0x0000000709a00000|  0%| F|  |TAMS 0x0000000709800000| PB 0x0000000709800000| Untracked |  0
|  77|0x0000000709a00000, 0x0000000709a81170, 0x0000000709c00000| 25%| S|CS|TAMS 0x0000000709a00000| PB 0x0000000709a00000| Complete |  0
|  78|0x0000000709c00000, 0x0000000709e00000, 0x0000000709e00000|100%| S|CS|TAMS 0x0000000709c00000| PB 0x0000000709c00000| Complete |  0
|  79|0x0000000709e00000, 0x000000070a000000, 0x000000070a000000|100%| S|CS|TAMS 0x0000000709e00000| PB 0x0000000709e00000| Complete |  0
|  80|0x000000070a000000, 0x000000070a200000, 0x000000070a200000|100%| S|CS|TAMS 0x000000070a000000| PB 0x000000070a000000| Complete |  0
|  81|0x000000070a200000, 0x000000070a400000, 0x000000070a400000|100%| S|CS|TAMS 0x000000070a200000| PB 0x000000070a200000| Complete |  0
|  82|0x000000070a400000, 0x000000070a400000, 0x000000070a600000|  0%| F|  |TAMS 0x000000070a400000| PB 0x000000070a400000| Untracked |  0
|  83|0x000000070a600000, 0x000000070a600000, 0x000000070a800000|  0%| F|  |TAMS 0x000000070a600000| PB 0x000000070a600000| Untracked |  0
|  84|0x000000070a800000, 0x000000070a800000, 0x000000070aa00000|  0%| F|  |TAMS 0x000000070a800000| PB 0x000000070a800000| Untracked |  0
|  85|0x000000070aa00000, 0x000000070aa00000, 0x000000070ac00000|  0%| F|  |TAMS 0x000000070aa00000| PB 0x000000070aa00000| Untracked |  0
|  86|0x000000070ac00000, 0x000000070ac00000, 0x000000070ae00000|  0%| F|  |TAMS 0x000000070ac00000| PB 0x000000070ac00000| Untracked |  0
|  87|0x000000070ae00000, 0x000000070ae00000, 0x000000070b000000|  0%| F|  |TAMS 0x000000070ae00000| PB 0x000000070ae00000| Untracked |  0
|  88|0x000000070b000000, 0x000000070b000000, 0x000000070b200000|  0%| F|  |TAMS 0x000000070b000000| PB 0x000000070b000000| Untracked |  0
|  89|0x000000070b200000, 0x000000070b200000, 0x000000070b400000|  0%| F|  |TAMS 0x000000070b200000| PB 0x000000070b200000| Untracked |  0
|  90|0x000000070b400000, 0x000000070b400000, 0x000000070b600000|  0%| F|  |TAMS 0x000000070b400000| PB 0x000000070b400000| Untracked |  0
|  91|0x000000070b600000, 0x000000070b600000, 0x000000070b800000|  0%| F|  |TAMS 0x000000070b600000| PB 0x000000070b600000| Untracked |  0
|  92|0x000000070b800000, 0x000000070b800000, 0x000000070ba00000|  0%| F|  |TAMS 0x000000070b800000| PB 0x000000070b800000| Untracked |  0
|  93|0x000000070ba00000, 0x000000070ba00000, 0x000000070bc00000|  0%| F|  |TAMS 0x000000070ba00000| PB 0x000000070ba00000| Untracked |  0
|  94|0x000000070bc00000, 0x000000070bc00000, 0x000000070be00000|  0%| F|  |TAMS 0x000000070bc00000| PB 0x000000070bc00000| Untracked |  0
|  95|0x000000070be00000, 0x000000070be00000, 0x000000070c000000|  0%| F|  |TAMS 0x000000070be00000| PB 0x000000070be00000| Untracked |  0
|  96|0x000000070c000000, 0x000000070c000000, 0x000000070c200000|  0%| F|  |TAMS 0x000000070c000000| PB 0x000000070c000000| Untracked |  0
|  97|0x000000070c200000, 0x000000070c200000, 0x000000070c400000|  0%| F|  |TAMS 0x000000070c200000| PB 0x000000070c200000| Untracked |  0
|  98|0x000000070c400000, 0x000000070c400000, 0x000000070c600000|  0%| F|  |TAMS 0x000000070c400000| PB 0x000000070c400000| Untracked |  0
|  99|0x000000070c600000, 0x000000070c600000, 0x000000070c800000|  0%| F|  |TAMS 0x000000070c600000| PB 0x000000070c600000| Untracked |  0
| 100|0x000000070c800000, 0x000000070c800000, 0x000000070ca00000|  0%| F|  |TAMS 0x000000070c800000| PB 0x000000070c800000| Untracked |  0
| 101|0x000000070ca00000, 0x000000070ca00000, 0x000000070cc00000|  0%| F|  |TAMS 0x000000070ca00000| PB 0x000000070ca00000| Untracked |  0
| 102|0x000000070cc00000, 0x000000070cc00000, 0x000000070ce00000|  0%| F|  |TAMS 0x000000070cc00000| PB 0x000000070cc00000| Untracked |  0
| 103|0x000000070ce00000, 0x000000070ce00000, 0x000000070d000000|  0%| F|  |TAMS 0x000000070ce00000| PB 0x000000070ce00000| Untracked |  0
| 104|0x000000070d000000, 0x000000070d000000, 0x000000070d200000|  0%| F|  |TAMS 0x000000070d000000| PB 0x000000070d000000| Untracked |  0
| 105|0x000000070d200000, 0x000000070d200000, 0x000000070d400000|  0%| F|  |TAMS 0x000000070d200000| PB 0x000000070d200000| Untracked |  0
| 106|0x000000070d400000, 0x000000070d500000, 0x000000070d600000| 50%| E|  |TAMS 0x000000070d400000| PB 0x000000070d400000| Complete |  0
| 107|0x000000070d600000, 0x000000070d800000, 0x000000070d800000|100%| E|CS|TAMS 0x000000070d600000| PB 0x000000070d600000| Complete |  0
| 108|0x000000070d800000, 0x000000070da00000, 0x000000070da00000|100%| E|CS|TAMS 0x000000070d800000| PB 0x000000070d800000| Complete |  0
| 109|0x000000070da00000, 0x000000070dc00000, 0x000000070dc00000|100%| E|CS|TAMS 0x000000070da00000| PB 0x000000070da00000| Complete |  0
| 110|0x000000070dc00000, 0x000000070de00000, 0x000000070de00000|100%| E|CS|TAMS 0x000000070dc00000| PB 0x000000070dc00000| Complete |  0
| 111|0x000000070de00000, 0x000000070e000000, 0x000000070e000000|100%| E|CS|TAMS 0x000000070de00000| PB 0x000000070de00000| Complete |  0
| 112|0x000000070e000000, 0x000000070e200000, 0x000000070e200000|100%| E|CS|TAMS 0x000000070e000000| PB 0x000000070e000000| Complete |  0
| 113|0x000000070e200000, 0x000000070e400000, 0x000000070e400000|100%| E|CS|TAMS 0x000000070e200000| PB 0x000000070e200000| Complete |  0
| 114|0x000000070e400000, 0x000000070e600000, 0x000000070e600000|100%| E|CS|TAMS 0x000000070e400000| PB 0x000000070e400000| Complete |  0
| 115|0x000000070e600000, 0x000000070e800000, 0x000000070e800000|100%| E|CS|TAMS 0x000000070e600000| PB 0x000000070e600000| Complete |  0
| 116|0x000000070e800000, 0x000000070ea00000, 0x000000070ea00000|100%| E|CS|TAMS 0x000000070e800000| PB 0x000000070e800000| Complete |  0
| 117|0x000000070ea00000, 0x000000070ec00000, 0x000000070ec00000|100%| E|CS|TAMS 0x000000070ea00000| PB 0x000000070ea00000| Complete |  0
| 118|0x000000070ec00000, 0x000000070ee00000, 0x000000070ee00000|100%| E|CS|TAMS 0x000000070ec00000| PB 0x000000070ec00000| Complete |  0
| 119|0x000000070ee00000, 0x000000070f000000, 0x000000070f000000|100%| E|CS|TAMS 0x000000070ee00000| PB 0x000000070ee00000| Complete |  0
| 120|0x000000070f000000, 0x000000070f200000, 0x000000070f200000|100%| E|CS|TAMS 0x000000070f000000| PB 0x000000070f000000| Complete |  0
| 121|0x000000070f200000, 0x000000070f400000, 0x000000070f400000|100%| E|CS|TAMS 0x000000070f200000| PB 0x000000070f200000| Complete |  0
| 122|0x000000070f400000, 0x000000070f600000, 0x000000070f600000|100%| E|CS|TAMS 0x000000070f400000| PB 0x000000070f400000| Complete |  0
| 123|0x000000070f600000, 0x000000070f800000, 0x000000070f800000|100%| E|CS|TAMS 0x000000070f600000| PB 0x000000070f600000| Complete |  0
| 124|0x000000070f800000, 0x000000070fa00000, 0x000000070fa00000|100%| E|CS|TAMS 0x000000070f800000| PB 0x000000070f800000| Complete |  0
| 125|0x000000070fa00000, 0x000000070fc00000, 0x000000070fc00000|100%| E|CS|TAMS 0x000000070fa00000| PB 0x000000070fa00000| Complete |  0
| 126|0x000000070fc00000, 0x000000070fe00000, 0x000000070fe00000|100%| E|CS|TAMS 0x000000070fc00000| PB 0x000000070fc00000| Complete |  0
| 127|0x000000070fe00000, 0x0000000710000000, 0x0000000710000000|100%| E|CS|TAMS 0x000000070fe00000| PB 0x000000070fe00000| Complete |  0
|2047|0x00000007ffe00000, 0x00000007ffef5bf0, 0x0000000800000000| 47%| O|  |TAMS 0x00000007ffe00000| PB 0x00000007ffe00000| Untracked |  0

Card table byte_map: [0x000000011167c000,0x0000000111e7c000] _byte_map_base: 0x000000010de7c000

Marking Bits: (CMBitMap*) 0x00007f962f01ea10
 Bits: [0x000000012b748000, 0x000000012f748000)

Polling page: 0x000000010e952000

Metaspace:

Usage:
  Non-class:     16.70 MB used.
      Class:      1.90 MB used.
       Both:     18.60 MB used.

Virtual space:
  Non-class space:       64.00 MB reserved,      16.88 MB ( 26%) committed,  1 nodes.
      Class space:        1.00 GB reserved,       2.00 MB ( <1%) committed,  1 nodes.
             Both:        1.06 GB reserved,      18.88 MB (  2%) committed. 

Chunk freelists:
   Non-Class:  15.09 MB
       Class:  13.89 MB
        Both:  28.98 MB

MaxMetaspaceSize: unlimited
CompressedClassSpaceSize: 1.00 GB
Initial GC threshold: 21.00 MB
Current GC threshold: 21.00 MB
CDS: on
 - commit_granule_bytes: 65536.
 - commit_granule_words: 8192.
 - virtual_space_node_default_size: 8388608.
 - enlarge_chunks_in_place: 1.
 - use_allocation_guard: 0.


Internal statistics:

num_allocs_failed_limit: 0.
num_arena_births: 156.
num_arena_deaths: 0.
num_vsnodes_births: 2.
num_vsnodes_deaths: 0.
num_space_committed: 302.
num_space_uncommitted: 0.
num_chunks_returned_to_freelist: 0.
num_chunks_taken_from_freelist: 754.
num_chunk_merges: 0.
num_chunk_splits: 540.
num_chunks_enlarged: 447.
num_inconsistent_stats: 0.

CodeHeap 'non-profiled nmethods': size=119476Kb used=1352Kb max_used=1352Kb free=118123Kb
 bounds [0x000000012429b000, 0x000000012450b000, 0x000000012b748000]
CodeHeap 'profiled nmethods': size=119468Kb used=10005Kb max_used=10005Kb free=109462Kb
 bounds [0x000000011c748000, 0x000000011d118000, 0x0000000123bf3000]
CodeHeap 'non-nmethods': size=6816Kb used=2528Kb max_used=2556Kb free=4287Kb
 bounds [0x0000000123bf3000, 0x0000000123e83000, 0x000000012429b000]
CodeCache: size=245760Kb, used=13885Kb, max_used=13913Kb, free=231872Kb
 total_blobs=6313, nmethods=5805, adapters=411, full_count=0
Compilation: enabled, stopped_count=0, restarted_count=0

JVMCI Events (9 events):
Event: 0.028 Thread 0x00007f962f808200 created new Java JVMCI runtime -1 (0x00007f962ea0b080)
Event: 0.056 Thread 0x00007f962f813200 created new CompileBroker JVMCI runtime 0 (0x00007f962ce057f0)
Event: 0.056 Thread 0x00007f962f813200 attached to JVMCI runtime 0
Event: 0.061 Thread 0x00007f962f813200 loaded JVMCI shared library from /Users/edsonmartins/.sdkman/candidates/java/23.0.2-graalce/lib/libjvmcicompiler.dylib
Event: 0.063 Thread 0x00007f962f813200 created JavaVM[1]@0x000000017bf485f0 for JVMCI runtime 0
Event: 0.063 Thread 0x00007f962f813200 initializing JVMCI runtime 0
Event: 0.063 Thread 0x00007f962f813200 initializing JavaVM references in JVMCI runtime 0
Event: 0.063 Thread 0x00007f962f813200 initialized JavaVM references in JVMCI runtime 0
Event: 0.064 Thread 0x00007f962f813200 initialized JVMCI runtime 0

Compilation events (20 events):
Event: 7.778 Thread 0x00007f962e01ca00 nmethod 5822 0x000000011d108188 code [0x000000011d1082a0, 0x000000011d1083e8]
Event: 7.794 Thread 0x00007f962d008800 5825       2       org.eclipse.aether.graph.DefaultDependencyNode::setRequestContext (15 bytes)
Event: 7.794 Thread 0x00007f962e01ca00 5824       1       org.eclipse.aether.graph.DefaultDependencyNode::getRequestContext (5 bytes)
Event: 7.794 Thread 0x00007f962d008800 nmethod 5825 0x000000011d108488 code [0x000000011d1085a0, 0x000000011d108700]
Event: 7.794 Thread 0x00007f962e01ca00 nmethod 5824 0x00000001243e9f88 code [0x00000001243ea0a0, 0x00000001243ea168]
Event: 7.798 Thread 0x00007f962d05fe00 5826       2       org.eclipse.aether.util.graph.visitor.Stack::push (61 bytes)
Event: 7.798 Thread 0x00007f962d008800 5827       2       org.eclipse.aether.util.graph.visitor.Stack::pop (32 bytes)
Event: 7.798 Thread 0x00007f962d008800 nmethod 5827 0x000000011d108788 code [0x000000011d1088c0, 0x000000011d108ac8]
Event: 7.798 Thread 0x00007f962d05fe00 nmethod 5826 0x000000011d108b08 code [0x000000011d108c40, 0x000000011d108ff0]
Event: 7.799 Thread 0x00007f962e01ca00 5828       2       org.eclipse.aether.util.filter.AndDependencyFilter::accept (63 bytes)
Event: 7.799 Thread 0x00007f962d008800 5829       1       org.eclipse.aether.graph.DefaultDependencyNode::getRepositories (5 bytes)
Event: 7.799 Thread 0x00007f962d05fe00 5830       1       org.eclipse.aether.internal.impl.ArtifactRequestBuilder::visitLeave (2 bytes)
Event: 7.799 Thread 0x00007f962e01ca00 nmethod 5828 0x000000011d109088 code [0x000000011d109220, 0x000000011d109678]
Event: 7.799 Thread 0x00007f962d008800 nmethod 5829 0x00000001243ea288 code [0x00000001243ea3a0, 0x00000001243ea468]
Event: 7.799 Thread 0x00007f962d05fe00 nmethod 5830 0x00000001243ea588 code [0x00000001243ea6a0, 0x00000001243ea760]
Event: 7.800 Thread 0x00007f962e01ca00 5831       2       java.util.concurrent.locks.ReentrantReadWriteLock$ReadLock::tryLock (14 bytes)
Event: 7.800 Thread 0x00007f962e01ca00 nmethod 5831 0x000000011d109708 code [0x000000011d109840, 0x000000011d1099a0]
Event: 7.805 Thread 0x00007f962f813200 nmethod 5579 0x00000001243ea888 code [0x00000001243eab80, 0x00000001243ecd30]
Event: 7.805 Thread 0x00007f962f813200 5814       4       java.util.IdentityHashMap::get (60 bytes)
Event: 7.812 Thread 0x00007f962f813200 nmethod 5814 0x00000001243ece88 code [0x00000001243ecf80, 0x00000001243ed1e8]

GC Heap History (10 events):
Event: 2.010 GC heap before
{Heap before GC invocations=0 (full 0):
 garbage-first heap   total reserved 4194304K, committed 264192K, used 25558K [0x0000000700000000, 0x0000000800000000)
  region size 2048K, 12 young (24576K), 0 survivors (0K)
 Metaspace       used 6313K, committed 6528K, reserved 1114112K
  class space    used 713K, committed 832K, reserved 1048576K
}
Event: 2.015 GC heap after
{Heap after GC invocations=1 (full 0):
 garbage-first heap   total reserved 4194304K, committed 264192K, used 4629K [0x0000000700000000, 0x0000000800000000)
  region size 2048K, 2 young (4096K), 2 survivors (4096K)
 Metaspace       used 6313K, committed 6528K, reserved 1114112K
  class space    used 713K, committed 832K, reserved 1048576K
}
Event: 3.045 GC heap before
{Heap before GC invocations=1 (full 0):
 garbage-first heap   total reserved 4194304K, committed 264192K, used 25109K [0x0000000700000000, 0x0000000800000000)
  region size 2048K, 13 young (26624K), 2 survivors (4096K)
 Metaspace       used 9573K, committed 9792K, reserved 1114112K
  class space    used 1096K, committed 1216K, reserved 1048576K
}
Event: 3.050 GC heap after
{Heap after GC invocations=2 (full 0):
 garbage-first heap   total reserved 4194304K, committed 264192K, used 5644K [0x0000000700000000, 0x0000000800000000)
  region size 2048K, 1 young (2048K), 1 survivors (2048K)
 Metaspace       used 9573K, committed 9792K, reserved 1114112K
  class space    used 1096K, committed 1216K, reserved 1048576K
}
Event: 5.040 GC heap before
{Heap before GC invocations=2 (full 0):
 garbage-first heap   total reserved 4194304K, committed 264192K, used 75276K [0x0000000700000000, 0x0000000800000000)
  region size 2048K, 35 young (71680K), 1 survivors (2048K)
 Metaspace       used 16494K, committed 16768K, reserved 1114112K
  class space    used 1855K, committed 1984K, reserved 1048576K
}
Event: 5.054 GC heap after
{Heap after GC invocations=3 (full 0):
 garbage-first heap   total reserved 4194304K, committed 264192K, used 17679K [0x0000000700000000, 0x0000000800000000)
  region size 2048K, 5 young (10240K), 5 survivors (10240K)
 Metaspace       used 16494K, committed 16768K, reserved 1114112K
  class space    used 1855K, committed 1984K, reserved 1048576K
}
Event: 5.963 GC heap before
{Heap before GC invocations=3 (full 0):
 garbage-first heap   total reserved 4194304K, committed 264192K, used 70927K [0x0000000700000000, 0x0000000800000000)
  region size 2048K, 31 young (63488K), 5 survivors (10240K)
 Metaspace       used 17801K, committed 18048K, reserved 1114112K
  class space    used 1922K, committed 2048K, reserved 1048576K
}
Event: 5.979 GC heap after
{Heap after GC invocations=4 (full 0):
 garbage-first heap   total reserved 4194304K, committed 264192K, used 25903K [0x0000000700000000, 0x0000000800000000)
  region size 2048K, 4 young (8192K), 4 survivors (8192K)
 Metaspace       used 17801K, committed 18048K, reserved 1114112K
  class space    used 1922K, committed 2048K, reserved 1048576K
}
Event: 7.184 GC heap before
{Heap before GC invocations=4 (full 0):
 garbage-first heap   total reserved 4194304K, committed 264192K, used 111919K [0x0000000700000000, 0x0000000800000000)
  region size 2048K, 46 young (94208K), 4 survivors (8192K)
 Metaspace       used 18587K, committed 18880K, reserved 1114112K
  class space    used 1923K, committed 2048K, reserved 1048576K
}
Event: 7.198 GC heap after
{Heap after GC invocations=5 (full 0):
 garbage-first heap   total reserved 4194304K, committed 264192K, used 34267K [0x0000000700000000, 0x0000000800000000)
  region size 2048K, 5 young (10240K), 5 survivors (10240K)
 Metaspace       used 18587K, committed 18880K, reserved 1114112K
  class space    used 1923K, committed 2048K, reserved 1048576K
}

Dll operation events (8 events):
Event: 0.010 Loaded shared library /Users/edsonmartins/.sdkman/candidates/java/23.0.2-graalce/lib/libjava.dylib
Event: 0.061 Loaded shared library /Users/edsonmartins/.sdkman/candidates/java/23.0.2-graalce/lib/libjvmcicompiler.dylib
Event: 0.141 Loaded shared library /Users/edsonmartins/.sdkman/candidates/java/23.0.2-graalce/lib/libnio.dylib
Event: 0.148 Loaded shared library /Users/edsonmartins/.sdkman/candidates/java/23.0.2-graalce/lib/libzip.dylib
Event: 0.167 Loaded shared library /Users/edsonmartins/.sdkman/candidates/java/23.0.2-graalce/lib/libnet.dylib
Event: 0.384 Loaded shared library /Users/edsonmartins/.sdkman/candidates/java/23.0.2-graalce/lib/libjimage.dylib
Event: 0.489 Loaded shared library /private/var/folders/8p/t848w4kx7zsgx19shqpgvzdm0000gn/T/jansi-2.4.0-875b558b7e726187-libjansi.jnilib
Event: 0.526 Loaded shared library /Users/edsonmartins/.sdkman/candidates/java/23.0.2-graalce/lib/libverify.dylib

Deoptimization events (20 events):
Event: 7.071 Thread 0x00007f962f808200 DEOPT PACKING pc=0x00000001243d9fc7 sp=0x000070000dfdbc40
Event: 7.071 Thread 0x00007f962f808200 DEOPT UNPACKING pc=0x0000000123c47285 sp=0x000070000dfdb0c8 mode 3
Event: 7.209 Thread 0x00007f962f808200 Uncommon trap: trap_request=0xffffffed fr.pc=0x00000001242ca60f relative=0x00000000000001ef
Event: 7.209 Thread 0x00007f962f808200 Uncommon trap: reason=null_assert_or_unreached0 action=reinterpret pc=0x00000001242ca60f method=java.util.HashMap.put(Ljava/lang/Object;Ljava/lang/Object;)Ljava/lang/Object; @ 0 jvmci
Event: 7.209 Thread 0x00007f962f808200 DEOPT PACKING pc=0x00000001242ca60f sp=0x000070000dfdb740
Event: 7.209 Thread 0x00007f962f808200 DEOPT UNPACKING pc=0x0000000123c47285 sp=0x000070000dfdabf8 mode 3
Event: 7.445 Thread 0x00007f962f808200 DEOPT PACKING pc=0x000000011ceeac00 sp=0x000070000dfdc700
Event: 7.445 Thread 0x00007f962f808200 DEOPT UNPACKING pc=0x0000000123c47285 sp=0x000070000dfdbc30 mode 0
Event: 7.479 Thread 0x00007f962f808200 DEOPT PACKING pc=0x000000011cdb96c5 sp=0x000070000dfdbf70
Event: 7.479 Thread 0x00007f962f808200 DEOPT UNPACKING pc=0x0000000123c47285 sp=0x000070000dfdb428 mode 0
Event: 7.506 Thread 0x00007f962f808200 Uncommon trap: trap_request=0xffffffed fr.pc=0x00000001243cdce7 relative=0x0000000000000ca7
Event: 7.506 Thread 0x00007f962f808200 Uncommon trap: reason=null_assert_or_unreached0 action=reinterpret pc=0x00000001243cdce7 method=java.util.concurrent.ConcurrentHashMap.putVal(Ljava/lang/Object;Ljava/lang/Object;Z)Ljava/lang/Object; @ 397 jvmci
Event: 7.506 Thread 0x00007f962f808200 DEOPT PACKING pc=0x00000001243cdce7 sp=0x000070000dfdc780
Event: 7.506 Thread 0x00007f962f808200 DEOPT UNPACKING pc=0x0000000123c47285 sp=0x000070000dfdbc00 mode 3
Event: 7.694 Thread 0x00007f962f808200 Uncommon trap: trap_request=0xffffffed fr.pc=0x0000000124379ebb relative=0x000000000000029b
Event: 7.694 Thread 0x00007f962f808200 Uncommon trap: reason=null_assert_or_unreached0 action=reinterpret pc=0x0000000124379ebb method=java.util.concurrent.ConcurrentHashMap.get(Ljava/lang/Object;)Ljava/lang/Object; @ 13 jvmci
Event: 7.694 Thread 0x00007f962f808200 DEOPT PACKING pc=0x0000000124379ebb sp=0x000070000dfdc460
Event: 7.694 Thread 0x00007f962f808200 DEOPT UNPACKING pc=0x0000000123c47285 sp=0x000070000dfdb8e8 mode 3
Event: 7.766 Thread 0x00007f962f808200 DEOPT PACKING pc=0x000000011d1050dc sp=0x000070000dfdd4c0
Event: 7.766 Thread 0x00007f962f808200 DEOPT UNPACKING pc=0x0000000123c47285 sp=0x000070000dfdc978 mode 0

Classes loaded (20 events):
Event: 4.262 Loading class java/util/spi/ResourceBundleProvider
Event: 4.262 Loading class java/util/spi/ResourceBundleProvider done
Event: 4.262 Loading class sun/util/resources/LocaleData$LocaleDataResourceBundleProvider done
Event: 4.262 Loading class sun/util/resources/LocaleData$CommonResourceBundleProvider done
Event: 4.263 Loading class sun/util/resources/Bundles$2
Event: 4.263 Loading class sun/util/resources/Bundles$2 done
Event: 4.294 Loading class java/math/BigDecimal
Event: 4.295 Loading class java/math/BigDecimal done
Event: 5.303 Loading class java/util/LinkedList$LLSpliterator
Event: 5.303 Loading class java/util/LinkedList$LLSpliterator done
Event: 5.702 Loading class sun/nio/cs/ISO_8859_1$Decoder
Event: 5.702 Loading class sun/nio/cs/ISO_8859_1$Decoder done
Event: 6.140 Loading class java/util/stream/IntStream
Event: 6.140 Loading class java/util/stream/IntStream done
Event: 7.405 Loading class java/util/Collections$UnmodifiableList$1
Event: 7.405 Loading class java/util/Collections$UnmodifiableList$1 done
Event: 7.506 Loading class java/util/concurrent/ConcurrentHashMap$TreeNode
Event: 7.506 Loading class java/util/concurrent/ConcurrentHashMap$TreeNode done
Event: 7.506 Loading class java/util/concurrent/ConcurrentHashMap$TreeBin
Event: 7.507 Loading class java/util/concurrent/ConcurrentHashMap$TreeBin done

Classes unloaded (0 events):
No events

Classes redefined (0 events):
No events

Internal exceptions (20 events):
Event: 1.816 Thread 0x00007f962f808200 Exception <a 'java/lang/NoSuchMethodError'{0x000000070ed776e8}: 'int java.lang.invoke.DirectMethodHandle$Holder.invokeStaticInit(java.lang.Object, java.lang.Object)'> (0x000000070ed776e8) 
thrown [src/hotspot/share/interpreter/linkResolver.cpp, line 796]
Event: 1.837 Thread 0x00007f962f808200 Exception <a 'java/lang/NoClassDefFoundError'{0x000000070edac3e8}: javax/enterprise/inject/Typed> (0x000000070edac3e8) 
thrown [src/hotspot/share/classfile/systemDictionary.cpp, line 302]
Event: 3.310 Thread 0x00007f962f808200 Exception <a 'java/lang/NoSuchMethodError'{0x000000070f6971c8}: 'void java.lang.invoke.DirectMethodHandle$Holder.invokeStaticInit(java.lang.Object, java.lang.Object, java.lang.Object)'> (0x000000070f6971c8) 
thrown [src/hotspot/share/interpreter/linkResolver.cpp, line 796]
Event: 3.318 Thread 0x00007f962f808200 Exception <a 'java/lang/ExceptionInInitializerError'{0x000000070f6c0ae8}> (0x000000070f6c0ae8) 
thrown [src/hotspot/share/oops/instanceKlass.cpp, line 1236]
Event: 3.356 Thread 0x00007f962f808200 Exception <a 'java/lang/NoSuchMethodError'{0x000000070f7d7fb0}: 'long java.lang.invoke.DirectMethodHandle$Holder.invokeStatic(java.lang.Object, java.lang.Object, int)'> (0x000000070f7d7fb0) 
thrown [src/hotspot/share/interpreter/linkResolver.cpp, line 796]
Event: 3.360 Thread 0x00007f962f808200 Exception <a 'java/lang/NoSuchMethodError'{0x000000070f7eb640}: 'java.lang.Object java.lang.invoke.DirectMethodHandle$Holder.invokeStatic(java.lang.Object, java.lang.Object, java.lang.Object, java.lang.Object, int)'> (0x000000070f7eb640) 
thrown [src/hotspot/share/interpreter/linkResolver.cpp, line 796]
Event: 3.361 Thread 0x00007f962f808200 Exception <a 'java/lang/NoSuchMethodError'{0x000000070f7f3828}: 'java.lang.Object java.lang.invoke.DirectMethodHandle$Holder.invokeSpecial(java.lang.Object, java.lang.Object, java.lang.Object, java.lang.Object, long)'> (0x000000070f7f3828) 
thrown [src/hotspot/share/interpreter/linkResolver.cpp, line 796]
Event: 3.363 Thread 0x00007f962f808200 Exception <a 'java/lang/NoSuchMethodError'{0x000000070f7ff640}: 'java.lang.Object java.lang.invoke.DirectMethodHandle$Holder.invokeSpecial(java.lang.Object, java.lang.Object, java.lang.Object, int, java.lang.Object)'> (0x000000070f7ff640) 
thrown [src/hotspot/share/interpreter/linkResolver.cpp, line 796]
Event: 3.370 Thread 0x00007f962f808200 Implicit null exception at 0x000000012430c522 to 0x000000012430c5fc
Event: 3.372 Thread 0x00007f962f808200 Exception <a 'java/lang/NoSuchMethodError'{0x000000070f428a08}: 'java.lang.Object java.lang.invoke.Invokers$Holder.invokeExact_MT(java.lang.Object, int, java.lang.Object)'> (0x000000070f428a08) 
thrown [src/hotspot/share/interpreter/linkResolver.cpp, line 796]
Event: 3.397 Thread 0x00007f962f808200 Exception <a 'java/lang/NoSuchMethodError'{0x000000070f4c15e0}: 'void java.lang.invoke.DirectMethodHandle$Holder.invokeStatic(java.lang.Object, java.lang.Object)'> (0x000000070f4c15e0) 
thrown [src/hotspot/share/interpreter/linkResolver.cpp, line 796]
Event: 3.773 Thread 0x00007f962f808200 Exception <a 'java/lang/NoSuchMethodError'{0x000000070ec57b60}: 'void java.lang.invoke.Invokers$Holder.invokeExact_MT(java.lang.Object, java.lang.Object, java.lang.Object, java.lang.Object)'> (0x000000070ec57b60) 
thrown [src/hotspot/share/interpreter/linkResolver.cpp, line 796]
Event: 3.798 Thread 0x00007f962f808200 Exception <a 'java/lang/NoClassDefFoundError'{0x000000070ece40e8}: com/google/inject/servlet/ServletModuleTargetVisitor> (0x000000070ece40e8) 
thrown [src/hotspot/share/classfile/systemDictionary.cpp, line 302]
Event: 3.911 Thread 0x00007f962f808200 Exception <a 'java/lang/NoSuchMethodError'{0x000000070eae5620}: 'void java.lang.invoke.DirectMethodHandle$Holder.invokeVirtual(java.lang.Object, java.lang.Object)'> (0x000000070eae5620) 
thrown [src/hotspot/share/interpreter/linkResolver.cpp, line 796]
Event: 4.169 Thread 0x00007f962f808200 Implicit null exception at 0x00000001242c7def to 0x00000001242c8335
Event: 4.169 Thread 0x00007f962f808200 Implicit null exception at 0x00000001242d69ef to 0x00000001242d6f35
Event: 4.328 Thread 0x00007f962f808200 Exception <a 'java/lang/NoSuchMethodError'{0x000000070dee99f8}: 'void java.lang.invoke.DirectMethodHandle$Holder.invokeVirtual(java.lang.Object, java.lang.Object, int)'> (0x000000070dee99f8) 
thrown [src/hotspot/share/interpreter/linkResolver.cpp, line 796]
Event: 4.329 Thread 0x00007f962f808200 Exception <a 'java/lang/NoSuchMethodError'{0x000000070def0d38}: 'void java.lang.invoke.DelegatingMethodHandle$Holder.reinvoke_L(java.lang.Object, java.lang.Object, int)'> (0x000000070def0d38) 
thrown [src/hotspot/share/interpreter/linkResolver.cpp, line 796]
Event: 5.345 Thread 0x00007f962f808200 Exception <a 'java/lang/NoSuchMethodError'{0x000000070ed75c10}: 'int java.lang.invoke.DirectMethodHandle$Holder.invokeSpecialIFC(java.lang.Object, java.lang.Object, java.lang.Object, java.lang.Object)'> (0x000000070ed75c10) 
thrown [src/hotspot/share/interpreter/linkResolver.cpp, line 796]
Event: 7.209 Thread 0x00007f962f808200 Implicit null exception at 0x00000001242ca464 to 0x00000001242ca5f4

VM Operations (20 events):
Event: 4.060 Executing VM operation: HandshakeAllThreads (Deoptimize)
Event: 4.060 Executing VM operation: HandshakeAllThreads (Deoptimize) done
Event: 4.119 Executing VM operation: HandshakeAllThreads (Deoptimize)
Event: 4.120 Executing VM operation: HandshakeAllThreads (Deoptimize) done
Event: 4.121 Executing VM operation: HandshakeAllThreads (Deoptimize)
Event: 4.121 Executing VM operation: HandshakeAllThreads (Deoptimize) done
Event: 4.202 Executing VM operation: HandshakeAllThreads (Deoptimize)
Event: 4.202 Executing VM operation: HandshakeAllThreads (Deoptimize) done
Event: 4.203 Executing VM operation: HandshakeAllThreads (Deoptimize)
Event: 4.203 Executing VM operation: HandshakeAllThreads (Deoptimize) done
Event: 5.040 Executing VM operation: G1CollectForAllocation (G1 Evacuation Pause)
Event: 5.054 Executing VM operation: G1CollectForAllocation (G1 Evacuation Pause) done
Event: 5.703 Executing VM operation: HandshakeAllThreads (Deoptimize)
Event: 5.703 Executing VM operation: HandshakeAllThreads (Deoptimize) done
Event: 5.703 Executing VM operation: HandshakeAllThreads (Deoptimize)
Event: 5.703 Executing VM operation: HandshakeAllThreads (Deoptimize) done
Event: 5.963 Executing VM operation: G1CollectForAllocation (G1 Evacuation Pause)
Event: 5.979 Executing VM operation: G1CollectForAllocation (G1 Evacuation Pause) done
Event: 7.184 Executing VM operation: G1CollectForAllocation (G1 Evacuation Pause)
Event: 7.198 Executing VM operation: G1CollectForAllocation (G1 Evacuation Pause) done

Memory protections (12 events):
Event: 0.009 Protecting memory [0x000070000dedf000,0x000070000dee3000] with protection modes 0
Event: 0.045 Protecting memory [0x000070000e7fd000,0x000070000e801000] with protection modes 0
Event: 0.045 Protecting memory [0x000070000e900000,0x000070000e904000] with protection modes 0
Event: 0.046 Protecting memory [0x000070000ea03000,0x000070000ea07000] with protection modes 0
Event: 0.046 Protecting memory [0x000070000eb06000,0x000070000eb0a000] with protection modes 0
Event: 0.046 Protecting memory [0x000070000ec09000,0x000070000ec0d000] with protection modes 0
Event: 0.046 Protecting memory [0x000070000ed0c000,0x000070000ed10000] with protection modes 0
Event: 0.048 Protecting memory [0x000070000ef0f000,0x000070000ef13000] with protection modes 0
Event: 0.091 Protecting memory [0x000070000f112000,0x000070000f116000] with protection modes 0
Event: 0.107 Protecting memory [0x000070000f215000,0x000070000f219000] with protection modes 0
Event: 0.135 Protecting memory [0x000070000f418000,0x000070000f41c000] with protection modes 0
Event: 0.845 Protecting memory [0x000070000f51b000,0x000070000f51f000] with protection modes 0

Nmethod flushes (0 events):
No events

Events (12 events):
Event: 0.025 Thread 0x00007f962f808200 Thread added: 0x00007f962f808200
Event: 0.045 Thread 0x00007f962f808200 Thread added: 0x00007f9630017a00
Event: 0.045 Thread 0x00007f962f808200 Thread added: 0x00007f963001ac00
Event: 0.046 Thread 0x00007f962f808200 Thread added: 0x00007f962f811a00
Event: 0.046 Thread 0x00007f962f808200 Thread added: 0x00007f962f812200
Event: 0.046 Thread 0x00007f962f808200 Thread added: 0x00007f962f812a00
Event: 0.046 Thread 0x00007f962f808200 Thread added: 0x00007f962f813200
Event: 0.048 Thread 0x00007f962f808200 Thread added: 0x00007f962d008800
Event: 0.091 Thread 0x00007f962f808200 Thread added: 0x00007f9630808200
Event: 0.107 Thread 0x00007f962d008800 Thread added: 0x00007f962e01ca00
Event: 0.135 Thread 0x00007f962f808200 Thread added: 0x00007f9630809400
Event: 0.845 Thread 0x00007f962d008800 Thread added: 0x00007f962d05fe00


Dynamic libraries:
0x000000010e909000 	/Users/edsonmartins/.sdkman/candidates/java/23.0.2-graalce/lib/libjli.dylib
0x00007fff6bb21000 	/usr/lib/libz.1.dylib
0x00007fff3154e000 	/System/Library/Frameworks/ApplicationServices.framework/Versions/A/ApplicationServices
0x00007fff325e8000 	/System/Library/Frameworks/Cocoa.framework/Versions/A/Cocoa
0x00007fff3fbfd000 	/System/Library/Frameworks/Security.framework/Versions/A/Security
0x00007fff69555000 	/usr/lib/libSystem.B.dylib
0x00007fff33449000 	/System/Library/Frameworks/CoreFoundation.framework/Versions/A/CoreFoundation
0x00007fff35b2e000 	/System/Library/Frameworks/Foundation.framework/Versions/C/Foundation
0x00007fff6b44e000 	/usr/lib/libobjc.A.dylib
0x00007fff6c3e2000 	/usr/lib/system/libcache.dylib
0x00007fff6c3e8000 	/usr/lib/system/libcommonCrypto.dylib
0x00007fff6c3f4000 	/usr/lib/system/libcompiler_rt.dylib
0x00007fff6c3fc000 	/usr/lib/system/libcopyfile.dylib
0x00007fff6c406000 	/usr/lib/system/libcorecrypto.dylib
0x00007fff6c5a5000 	/usr/lib/system/libdispatch.dylib
0x00007fff6c5e6000 	/usr/lib/system/libdyld.dylib
0x00007fff6c61d000 	/usr/lib/system/libkeymgr.dylib
0x00007fff6c62b000 	/usr/lib/system/liblaunch.dylib
0x00007fff6c62c000 	/usr/lib/system/libmacho.dylib
0x00007fff6c632000 	/usr/lib/system/libquarantine.dylib
0x00007fff6c635000 	/usr/lib/system/libremovefile.dylib
0x00007fff6c637000 	/usr/lib/system/libsystem_asl.dylib
0x00007fff6c64f000 	/usr/lib/system/libsystem_blocks.dylib
0x00007fff6c650000 	/usr/lib/system/libsystem_c.dylib
0x00007fff6c6d8000 	/usr/lib/system/libsystem_configuration.dylib
0x00007fff6c6dc000 	/usr/lib/system/libsystem_coreservices.dylib
0x00007fff6c6e0000 	/usr/lib/system/libsystem_darwin.dylib
0x00007fff6c6e9000 	/usr/lib/system/libsystem_dnssd.dylib
0x00007fff6c6f1000 	/usr/lib/system/libsystem_featureflags.dylib
0x00007fff6c6f3000 	/usr/lib/system/libsystem_info.dylib
0x00007fff6c76e000 	/usr/lib/system/libsystem_m.dylib
0x00007fff6c7ba000 	/usr/lib/system/libsystem_malloc.dylib
0x00007fff6c7e2000 	/usr/lib/system/libsystem_networkextension.dylib
0x00007fff6c7f0000 	/usr/lib/system/libsystem_notify.dylib
0x00007fff6c80e000 	/usr/lib/system/libsystem_sandbox.dylib
0x00007fff6c813000 	/usr/lib/system/libsystem_secinit.dylib
0x00007fff6c741000 	/usr/lib/system/libsystem_kernel.dylib
0x00007fff6c7fa000 	/usr/lib/system/libsystem_platform.dylib
0x00007fff6c803000 	/usr/lib/system/libsystem_pthread.dylib
0x00007fff6c816000 	/usr/lib/system/libsystem_symptoms.dylib
0x00007fff6c81e000 	/usr/lib/system/libsystem_trace.dylib
0x00007fff6c836000 	/usr/lib/system/libunwind.dylib
0x00007fff6c83c000 	/usr/lib/system/libxpc.dylib
0x00007fff69924000 	/usr/lib/libc++abi.dylib
0x00007fff698d1000 	/usr/lib/libc++.1.dylib
0x00007fff338cb000 	/System/Library/Frameworks/CoreGraphics.framework/Versions/A/CoreGraphics
0x00007fff352ca000 	/System/Library/Frameworks/CoreText.framework/Versions/A/CoreText
0x00007fff3639d000 	/System/Library/Frameworks/ImageIO.framework/Versions/A/ImageIO
0x00007fff325f6000 	/System/Library/Frameworks/ColorSync.framework/Versions/A/ColorSync
0x00007fff3154f000 	/System/Library/Frameworks/ApplicationServices.framework/Versions/A/Frameworks/ATS.framework/Versions/A/ATS
0x00007fff3171c000 	/System/Library/Frameworks/ApplicationServices.framework/Versions/A/Frameworks/ColorSyncLegacy.framework/Versions/A/ColorSyncLegacy
0x00007fff34856000 	/System/Library/Frameworks/CoreServices.framework/Versions/A/CoreServices
0x00007fff317ba000 	/System/Library/Frameworks/ApplicationServices.framework/Versions/A/Frameworks/HIServices.framework/Versions/A/HIServices
0x00007fff31812000 	/System/Library/Frameworks/ApplicationServices.framework/Versions/A/Frameworks/LangAnalysis.framework/Versions/A/LangAnalysis
0x00007fff31821000 	/System/Library/Frameworks/ApplicationServices.framework/Versions/A/Frameworks/PrintCore.framework/Versions/A/PrintCore
0x00007fff31867000 	/System/Library/Frameworks/ApplicationServices.framework/Versions/A/Frameworks/QD.framework/Versions/A/QD
0x00007fff31872000 	/System/Library/Frameworks/ApplicationServices.framework/Versions/A/Frameworks/SpeechSynthesis.framework/Versions/A/SpeechSynthesis
0x00007fff61af0000 	/System/Library/PrivateFrameworks/SkyLight.framework/Versions/A/SkyLight
0x00007fff4f89a000 	/System/Library/PrivateFrameworks/FontServices.framework/libFontParser.dylib
0x00007fff2f0af000 	/System/Library/Frameworks/Accelerate.framework/Versions/A/Accelerate
0x00007fff3630d000 	/System/Library/Frameworks/IOSurface.framework/Versions/A/IOSurface
0x00007fff6ba12000 	/usr/lib/libxml2.2.dylib
0x00007fff31cfa000 	/System/Library/Frameworks/CFNetwork.framework/Versions/A/CFNetwork
0x00007fff655e4000 	/System/Library/PrivateFrameworks/WatchdogClient.framework/Versions/A/WatchdogClient
0x00007fff6994d000 	/usr/lib/libcompression.dylib
0x00007fff6907f000 	/usr/lib/libDiagnosticMessagesClient.dylib
0x00007fff40cb0000 	/System/Library/Frameworks/SystemConfiguration.framework/Versions/A/SystemConfiguration
0x00007fff33316000 	/System/Library/Frameworks/CoreDisplay.framework/Versions/A/CoreDisplay
0x00007fff57e86000 	/System/Library/PrivateFrameworks/IOAccelerator.framework/Versions/A/IOAccelerator
0x00007fff36267000 	/System/Library/Frameworks/IOKit.framework/Versions/A/IOKit
0x00007fff389ed000 	/System/Library/Frameworks/Metal.framework/Versions/A/Metal
0x00007fff38d88000 	/System/Library/Frameworks/MetalPerformanceShaders.framework/Versions/A/MetalPerformanceShaders
0x00007fff5a0ef000 	/System/Library/PrivateFrameworks/MultitouchSupport.framework/Versions/A/MultitouchSupport
0x00007fff3edf6000 	/System/Library/Frameworks/QuartzCore.framework/Versions/A/QuartzCore
0x00007fff698b3000 	/usr/lib/libbsm.0.dylib
0x00007fff6a72b000 	/usr/lib/liblzma.5.dylib
0x00007fff697ed000 	/usr/lib/libauto.dylib
0x00007fff6a3a6000 	/usr/lib/libfakelink.dylib
0x00007fff357ec000 	/System/Library/Frameworks/DiskArbitration.framework/Versions/A/DiskArbitration
0x00007fff69647000 	/usr/lib/libarchive.2.dylib
0x00007fff6a4b8000 	/usr/lib/libicucore.A.dylib
0x00007fff6a729000 	/usr/lib/liblangid.dylib
0x00007fff68fb2000 	/usr/lib/libCRFSuite.dylib
0x00007fff6a37d000 	/usr/lib/libenergytrace.dylib
0x00007fff6c61e000 	/usr/lib/system/libkxld.dylib
0x00007fff46a6a000 	/System/Library/PrivateFrameworks/AppleFSCompression.framework/Versions/A/AppleFSCompression
0x00007fff69c3f000 	/usr/lib/libcoretls.dylib
0x00007fff69c56000 	/usr/lib/libcoretls_cfhelpers.dylib
0x00007fff6b493000 	/usr/lib/libpam.2.dylib
0x00007fff6b5c8000 	/usr/lib/libsqlite3.dylib
0x00007fff6b9ff000 	/usr/lib/libxar.1.dylib
0x00007fff698c4000 	/usr/lib/libbz2.1.0.dylib
0x00007fff6a3c7000 	/usr/lib/libiconv.2.dylib
0x00007fff6993a000 	/usr/lib/libcharset.1.dylib
0x00007fff6af31000 	/usr/lib/libnetwork.dylib
0x00007fff6b49a000 	/usr/lib/libpcap.A.dylib
0x00007fff695fc000 	/usr/lib/libapple_nghttp2.dylib
0x00007fff34c0d000 	/System/Library/Frameworks/CoreServices.framework/Versions/A/Frameworks/FSEvents.framework/Versions/A/FSEvents
0x00007fff348dd000 	/System/Library/Frameworks/CoreServices.framework/Versions/A/Frameworks/CarbonCore.framework/Versions/A/CarbonCore
0x00007fff34e52000 	/System/Library/Frameworks/CoreServices.framework/Versions/A/Frameworks/Metadata.framework/Versions/A/Metadata
0x00007fff34eeb000 	/System/Library/Frameworks/CoreServices.framework/Versions/A/Frameworks/OSServices.framework/Versions/A/OSServices
0x00007fff34f19000 	/System/Library/Frameworks/CoreServices.framework/Versions/A/Frameworks/SearchKit.framework/Versions/A/SearchKit
0x00007fff34857000 	/System/Library/Frameworks/CoreServices.framework/Versions/A/Frameworks/AE.framework/Versions/A/AE
0x00007fff34c16000 	/System/Library/Frameworks/CoreServices.framework/Versions/A/Frameworks/LaunchServices.framework/Versions/A/LaunchServices
0x00007fff34bbf000 	/System/Library/Frameworks/CoreServices.framework/Versions/A/Frameworks/DictionaryServices.framework/Versions/A/DictionaryServices
0x00007fff34f81000 	/System/Library/Frameworks/CoreServices.framework/Versions/A/Frameworks/SharedFileList.framework/Versions/A/SharedFileList
0x00007fff39c48000 	/System/Library/Frameworks/NetFS.framework/Versions/A/NetFS
0x00007fff5a61f000 	/System/Library/PrivateFrameworks/NetAuth.framework/Versions/A/NetAuth
0x00007fff66492000 	/System/Library/PrivateFrameworks/login.framework/Versions/A/Frameworks/loginsupport.framework/Versions/A/loginsupport
0x00007fff63135000 	/System/Library/PrivateFrameworks/TCC.framework/Versions/A/TCC
0x00007fff4b6a0000 	/System/Library/PrivateFrameworks/CoreNLP.framework/Versions/A/CoreNLP
0x00007fff59caa000 	/System/Library/PrivateFrameworks/MetadataUtilities.framework/Versions/A/MetadataUtilities
0x00007fff6a803000 	/usr/lib/libmecabra.dylib
0x00007fff6a75b000 	/usr/lib/libmecab.dylib
0x00007fff6a3b7000 	/usr/lib/libgermantok.dylib
0x00007fff695e3000 	/usr/lib/libThaiTokenizer.dylib
0x00007fff68fe9000 	/usr/lib/libChineseTokenizer.dylib
0x00007fff2f0c8000 	/System/Library/Frameworks/Accelerate.framework/Versions/A/Frameworks/vImage.framework/Versions/A/vImage
0x00007fff30596000 	/System/Library/Frameworks/Accelerate.framework/Versions/A/Frameworks/vecLib.framework/Versions/A/vecLib
0x00007fff30417000 	/System/Library/Frameworks/Accelerate.framework/Versions/A/Frameworks/vecLib.framework/Versions/A/libvMisc.dylib
0x00007fff30284000 	/System/Library/Frameworks/Accelerate.framework/Versions/A/Frameworks/vecLib.framework/Versions/A/libvDSP.dylib
0x00007fff2f964000 	/System/Library/Frameworks/Accelerate.framework/Versions/A/Frameworks/vecLib.framework/Versions/A/libBLAS.dylib
0x00007fff2fe3c000 	/System/Library/Frameworks/Accelerate.framework/Versions/A/Frameworks/vecLib.framework/Versions/A/libLAPACK.dylib
0x00007fff301e4000 	/System/Library/Frameworks/Accelerate.framework/Versions/A/Frameworks/vecLib.framework/Versions/A/libLinearAlgebra.dylib
0x00007fff30271000 	/System/Library/Frameworks/Accelerate.framework/Versions/A/Frameworks/vecLib.framework/Versions/A/libSparseBLAS.dylib
0x00007fff301fa000 	/System/Library/Frameworks/Accelerate.framework/Versions/A/Frameworks/vecLib.framework/Versions/A/libQuadrature.dylib
0x00007fff2fafa000 	/System/Library/Frameworks/Accelerate.framework/Versions/A/Frameworks/vecLib.framework/Versions/A/libBNNS.dylib
0x00007fff30200000 	/System/Library/Frameworks/Accelerate.framework/Versions/A/Frameworks/vecLib.framework/Versions/A/libSparse.dylib
0x00007fff5881e000 	/System/Library/PrivateFrameworks/LanguageModeling.framework/Versions/A/LanguageModeling
0x00007fff4b04f000 	/System/Library/PrivateFrameworks/CoreEmoji.framework/Versions/A/CoreEmoji
0x00007fff5893c000 	/System/Library/PrivateFrameworks/LinguisticData.framework/Versions/A/LinguisticData
0x00007fff588ed000 	/System/Library/PrivateFrameworks/Lexicon.framework/Versions/A/Lexicon
0x00007fff6993b000 	/usr/lib/libcmph.dylib
0x00007fff3c837000 	/System/Library/Frameworks/OpenDirectory.framework/Versions/A/Frameworks/CFOpenDirectory.framework/Versions/A/CFOpenDirectory
0x00007fff3c854000 	/System/Library/Frameworks/OpenDirectory.framework/Versions/A/OpenDirectory
0x00007fff44c9a000 	/System/Library/PrivateFrameworks/APFS.framework/Versions/A/APFS
0x00007fff3ff49000 	/System/Library/Frameworks/SecurityFoundation.framework/Versions/A/SecurityFoundation
0x00007fff6b9fb000 	/usr/lib/libutil.dylib
0x00007fff4c59b000 	/System/Library/PrivateFrameworks/CoreServicesStore.framework/Versions/A/CoreServicesStore
0x00007fff40000000 	/System/Library/Frameworks/ServiceManagement.framework/Versions/A/ServiceManagement
0x00007fff4823c000 	/System/Library/PrivateFrameworks/BackgroundTaskManagement.framework/Versions/A/BackgroundTaskManagement
0x00007fff6baf8000 	/usr/lib/libxslt.1.dylib
0x00007fff54616000 	/System/Library/PrivateFrameworks/GPUWrangler.framework/Versions/A/GPUWrangler
0x00007fff57e9b000 	/System/Library/PrivateFrameworks/IOPresentment.framework/Versions/A/IOPresentment
0x00007fff4d11b000 	/System/Library/PrivateFrameworks/DSExternalDisplay.framework/Versions/A/DSExternalDisplay
0x00007fff3d1c8000 	/System/Library/Frameworks/OpenGL.framework/Versions/A/Libraries/libCoreFSCache.dylib
0x00007fff38ad4000 	/System/Library/Frameworks/MetalPerformanceShaders.framework/Frameworks/MPSCore.framework/Versions/A/MPSCore
0x00007fff38b12000 	/System/Library/Frameworks/MetalPerformanceShaders.framework/Frameworks/MPSImage.framework/Versions/A/MPSImage
0x00007fff38bd9000 	/System/Library/Frameworks/MetalPerformanceShaders.framework/Frameworks/MPSNeuralNetwork.framework/Versions/A/MPSNeuralNetwork
0x00007fff38b9d000 	/System/Library/Frameworks/MetalPerformanceShaders.framework/Frameworks/MPSMatrix.framework/Versions/A/MPSMatrix
0x00007fff38d38000 	/System/Library/Frameworks/MetalPerformanceShaders.framework/Frameworks/MPSRayIntersector.framework/Versions/A/MPSRayIntersector
0x00007fff38bc3000 	/System/Library/Frameworks/MetalPerformanceShaders.framework/Frameworks/MPSNDArray.framework/Versions/A/MPSNDArray
0x00007fff59cf7000 	/System/Library/PrivateFrameworks/MetalTools.framework/Versions/A/MetalTools
0x00007fff45e74000 	/System/Library/PrivateFrameworks/AggregateDictionary.framework/Versions/A/AggregateDictionary
0x00007fff4aa96000 	/System/Library/PrivateFrameworks/CoreAnalytics.framework/Versions/A/CoreAnalytics
0x00007fff46ffc000 	/System/Library/PrivateFrameworks/AppleSauce.framework/Versions/A/AppleSauce
0x00007fff693c3000 	/usr/lib/libMobileGestalt.dylib
0x00007fff470de000 	/System/Library/PrivateFrameworks/AppleSystemInfo.framework/Versions/A/AppleSystemInfo
0x00007fff692a5000 	/usr/lib/libIOReport.dylib
0x00007fff33f71000 	/System/Library/Frameworks/CoreImage.framework/Versions/A/CoreImage
0x00007fff35483000 	/System/Library/Frameworks/CoreVideo.framework/Versions/A/CoreVideo
0x00007fff3de29000 	/System/Library/Frameworks/OpenGL.framework/Versions/A/OpenGL
0x00007fff55a8f000 	/System/Library/PrivateFrameworks/GraphVisualizer.framework/Versions/A/GraphVisualizer
0x00007fff4ede0000 	/System/Library/PrivateFrameworks/FaceCore.framework/Versions/A/FaceCore
0x00007fff3c7de000 	/System/Library/Frameworks/OpenCL.framework/Versions/A/OpenCL
0x00007fff690c7000 	/usr/lib/libFosl_dynamic.dylib
0x00007fff5b041000 	/System/Library/PrivateFrameworks/OTSVG.framework/Versions/A/OTSVG
0x00007fff31653000 	/System/Library/Frameworks/ApplicationServices.framework/Versions/A/Frameworks/ATS.framework/Versions/A/Resources/libFontRegistry.dylib
0x00007fff696ba000 	/usr/lib/libate.dylib
0x00007fff365bc000 	/System/Library/Frameworks/ImageIO.framework/Versions/A/Resources/libJPEG.dylib
0x00007fff3687b000 	/System/Library/Frameworks/ImageIO.framework/Versions/A/Resources/libTIFF.dylib
0x00007fff3685e000 	/System/Library/Frameworks/ImageIO.framework/Versions/A/Resources/libPng.dylib
0x00007fff364fe000 	/System/Library/Frameworks/ImageIO.framework/Versions/A/Resources/libGIF.dylib
0x00007fff36502000 	/System/Library/Frameworks/ImageIO.framework/Versions/A/Resources/libJP2.dylib
0x00007fff36879000 	/System/Library/Frameworks/ImageIO.framework/Versions/A/Resources/libRadiance.dylib
0x00007fff6a37e000 	/usr/lib/libexpat.1.dylib
0x00007fff46bc5000 	/System/Library/PrivateFrameworks/AppleJPEG.framework/Versions/A/AppleJPEG
0x00007fff4fa6a000 	/System/Library/PrivateFrameworks/FontServices.framework/libhvf.dylib
0x00007fff3d1d3000 	/System/Library/Frameworks/OpenGL.framework/Versions/A/Libraries/libGFXShared.dylib
0x00007fff3d3b1000 	/System/Library/Frameworks/OpenGL.framework/Versions/A/Libraries/libGLU.dylib
0x00007fff3d1dc000 	/System/Library/Frameworks/OpenGL.framework/Versions/A/Libraries/libGL.dylib
0x00007fff3d1e7000 	/System/Library/Frameworks/OpenGL.framework/Versions/A/Libraries/libGLImage.dylib
0x00007fff3d1c5000 	/System/Library/Frameworks/OpenGL.framework/Versions/A/Libraries/libCVMSPluginSupport.dylib
0x00007fff3d1ce000 	/System/Library/Frameworks/OpenGL.framework/Versions/A/Libraries/libCoreVMClient.dylib
0x00007fff6add2000 	/usr/lib/libncurses.5.4.dylib
0x00007fff316ec000 	/System/Library/Frameworks/ApplicationServices.framework/Versions/A/Frameworks/ATSUI.framework/Versions/A/ATSUI
0x00007fff6a214000 	/usr/lib/libcups.2.dylib
0x00007fff37e23000 	/System/Library/Frameworks/Kerberos.framework/Versions/A/Kerberos
0x00007fff35f60000 	/System/Library/Frameworks/GSS.framework/Versions/A/GSS
0x00007fff6b554000 	/usr/lib/libresolv.9.dylib
0x00007fff55c3c000 	/System/Library/PrivateFrameworks/Heimdal.framework/Versions/A/Heimdal
0x00007fff37e36000 	/System/Library/Frameworks/Kerberos.framework/Versions/A/Libraries/libHeimdalProxy.dylib
0x00007fff6a3bd000 	/usr/lib/libheimdal-asn1.dylib
0x00007fff49f2e000 	/System/Library/PrivateFrameworks/CommonAuth.framework/Versions/A/CommonAuth
0x00007fff329d7000 	/System/Library/Frameworks/CoreAudio.framework/Versions/A/CoreAudio
0x00007fff31880000 	/System/Library/Frameworks/AudioToolbox.framework/Versions/A/AudioToolbox
0x00007fff4717b000 	/System/Library/PrivateFrameworks/AssertionServices.framework/Versions/A/AssertionServices
0x00007fff47d1e000 	/System/Library/PrivateFrameworks/AudioToolboxCore.framework/Versions/A/AudioToolboxCore
0x00007fff66142000 	/System/Library/PrivateFrameworks/caulk.framework/Versions/A/caulk
0x00007fff482e8000 	/System/Library/PrivateFrameworks/BaseBoard.framework/Versions/A/BaseBoard
0x00007fff5f2a4000 	/System/Library/PrivateFrameworks/RunningBoardServices.framework/Versions/A/RunningBoardServices
0x00007fff5c2b5000 	/System/Library/PrivateFrameworks/PersistentConnection.framework/Versions/A/PersistentConnection
0x00007fff5ec9d000 	/System/Library/PrivateFrameworks/ProtocolBuffer.framework/Versions/A/ProtocolBuffer
0x00007fff49f52000 	/System/Library/PrivateFrameworks/CommonUtilities.framework/Versions/A/CommonUtilities
0x00007fff48476000 	/System/Library/PrivateFrameworks/Bom.framework/Versions/A/Bom
0x00007fff68f78000 	/usr/lib/libAudioToolboxUtility.dylib
0x00007fff30740000 	/System/Library/Frameworks/AppKit.framework/Versions/C/AppKit
0x00007fff32f1a000 	/System/Library/Frameworks/CoreData.framework/Versions/A/CoreData
0x00007fff63900000 	/System/Library/PrivateFrameworks/UIFoundation.framework/Versions/A/UIFoundation
0x00007fff5f116000 	/System/Library/PrivateFrameworks/RemoteViewServices.framework/Versions/A/RemoteViewServices
0x00007fff660c5000 	/System/Library/PrivateFrameworks/XCTTargetBootstrap.framework/Versions/A/XCTTargetBootstrap
0x00007fff4d2ae000 	/System/Library/PrivateFrameworks/DesktopServicesPriv.framework/Versions/A/DesktopServicesPriv
0x00007fff4c543000 	/System/Library/PrivateFrameworks/CoreSVG.framework/Versions/A/CoreSVG
0x00007fff5823a000 	/System/Library/PrivateFrameworks/IconServices.framework/Versions/A/IconServices
0x00007fff4d108000 	/System/Library/PrivateFrameworks/DFRFoundation.framework/Versions/A/DFRFoundation
0x00007fff31963000 	/System/Library/Frameworks/AudioUnit.framework/Versions/A/AudioUnit
0x00007fff4d1aa000 	/System/Library/PrivateFrameworks/DataDetectorsCore.framework/Versions/A/DataDetectorsCore
0x00007fff32109000 	/System/Library/Frameworks/Carbon.framework/Versions/A/Frameworks/HIToolbox.framework/Versions/A/HIToolbox
0x00007fff32448000 	/System/Library/Frameworks/Carbon.framework/Versions/A/Frameworks/SpeechRecognition.framework/Versions/A/SpeechRecognition
0x00007fff4cc1c000 	/System/Library/PrivateFrameworks/CoreUI.framework/Versions/A/CoreUI
0x00007fff5c2a9000 	/System/Library/PrivateFrameworks/PerformanceAnalysis.framework/Versions/A/PerformanceAnalysis
0x00007fff6366a000 	/System/Library/PrivateFrameworks/TextureIO.framework/Versions/A/TextureIO
0x00007fff58443000 	/System/Library/PrivateFrameworks/InternationalSupport.framework/Versions/A/InternationalSupport
0x00007fff48246000 	/System/Library/PrivateFrameworks/Backup.framework/Versions/A/Backup
0x00007fff4d03c000 	/System/Library/PrivateFrameworks/CrashReporterSupport.framework/Versions/A/CrashReporterSupport
0x00007fff605b4000 	/System/Library/PrivateFrameworks/Sharing.framework/Versions/A/Sharing
0x00007fff46788000 	/System/Library/PrivateFrameworks/Apple80211.framework/Versions/A/Apple80211
0x00007fff47f63000 	/System/Library/PrivateFrameworks/AuthKit.framework/Versions/A/AuthKit
0x00007fff4cd49000 	/System/Library/PrivateFrameworks/CoreUtils.framework/Versions/A/CoreUtils
0x00007fff354c8000 	/System/Library/Frameworks/CoreWLAN.framework/Versions/A/CoreWLAN
0x00007fff360ed000 	/System/Library/Frameworks/IOBluetooth.framework/Versions/A/IOBluetooth
0x00007fff59e6e000 	/System/Library/PrivateFrameworks/MobileKeyBag.framework/Versions/A/MobileKeyBag
0x00007fff4bb38000 	/System/Library/PrivateFrameworks/CorePhoneNumbers.framework/Versions/A/CorePhoneNumbers
0x00007fff46b78000 	/System/Library/PrivateFrameworks/AppleIDAuthSupport.framework/Versions/A/AppleIDAuthSupport
0x00007fff39c55000 	/System/Library/Frameworks/Network.framework/Versions/A/Network
0x00007fff586ca000 	/System/Library/PrivateFrameworks/KeychainCircle.framework/Versions/A/KeychainCircle
0x00007fff32ee1000 	/System/Library/Frameworks/CoreBluetooth.framework/Versions/A/CoreBluetooth
0x00007fff62633000 	/System/Library/PrivateFrameworks/SpeechRecognitionCore.framework/Versions/A/SpeechRecognitionCore
0x000000010fa00000 	/Users/edsonmartins/.sdkman/candidates/java/23.0.2-graalce/lib/server/libjvm.dylib
0x000000010e93e000 	/Users/edsonmartins/.sdkman/candidates/java/23.0.2-graalce/lib/libjimage.dylib
0x000000010e99c000 	/Users/edsonmartins/.sdkman/candidates/java/23.0.2-graalce/lib/libjava.dylib
0x0000000178d44000 	/Users/edsonmartins/.sdkman/candidates/java/23.0.2-graalce/lib/libjvmcicompiler.dylib
0x0000000111f01000 	/Users/edsonmartins/.sdkman/candidates/java/23.0.2-graalce/lib/libnio.dylib
0x0000000111f21000 	/Users/edsonmartins/.sdkman/candidates/java/23.0.2-graalce/lib/libnet.dylib
0x0000000111f39000 	/Users/edsonmartins/.sdkman/candidates/java/23.0.2-graalce/lib/libzip.dylib
0x000000010e9e9000 	/private/var/folders/8p/t848w4kx7zsgx19shqpgvzdm0000gn/T/jansi-2.4.0-875b558b7e726187-libjansi.jnilib
0x0000000111f51000 	/Users/edsonmartins/.sdkman/candidates/java/23.0.2-graalce/lib/libverify.dylib


VM Arguments:
jvm_args: -XX:ThreadPriorityPolicy=1 -XX:+UnlockExperimentalVMOptions -XX:+EnableJVMCIProduct -XX:-UnlockExperimentalVMOptions -Dclassworlds.conf=/Users/edsonmartins/apache-maven-3.9.5/bin/m2.conf -Dmaven.home=/Users/edsonmartins/apache-maven-3.9.5 -Dlibrary.jansi.path=/Users/edsonmartins/apache-maven-3.9.5/lib/jansi-native -Dmaven.multiModuleProjectDirectory=/Users/edsonmartins/relevant/archbase-app-framework 
java_command: org.codehaus.plexus.classworlds.launcher.Launcher clean compile -DskipTests -pl archbase-test-utils
java_class_path (initial): /Users/edsonmartins/apache-maven-3.9.5/boot/plexus-classworlds-2.7.0.jar
Launcher Type: SUN_STANDARD

[Global flags]
     intx CICompilerCount                          = 4                                         {product} {ergonomic}
     uint ConcGCThreads                            = 2                                         {product} {ergonomic}
     bool EnableJVMCIProduct                       = true                                {JVMCI product} {jimage}
     uint G1ConcRefinementThreads                  = 8                                         {product} {ergonomic}
   size_t G1HeapRegionSize                         = 2097152                                   {product} {ergonomic}
   size_t InitialHeapSize                          = 268435456                                 {product} {ergonomic}
   size_t MarkStackSize                            = 4194304                                   {product} {ergonomic}
   size_t MarkStackSizeMax                         = 536870912                                 {product} {ergonomic}
   size_t MaxHeapSize                              = 4294967296                                {product} {ergonomic}
   size_t MaxNewSize                               = 2575302656                                {product} {ergonomic}
   size_t MinHeapDeltaBytes                        = 2097152                                   {product} {ergonomic}
   size_t MinHeapSize                              = 8388608                                   {product} {ergonomic}
    uintx NonNMethodCodeHeapSize                   = 6979584                                {pd product} {ergonomic}
    uintx NonProfiledCodeHeapSize                  = 122343424                              {pd product} {ergonomic}
    uintx ProfiledCodeHeapSize                     = 122335232                              {pd product} {ergonomic}
    uintx ReservedCodeCacheSize                    = 251658240                              {pd product} {ergonomic}
     bool SegmentedCodeCache                       = true                                      {product} {ergonomic}
   size_t SoftMaxHeapSize                          = 4294967296                             {manageable} {ergonomic}
      int ThreadPriorityPolicy                     = 1                                         {product} {jimage}
     bool UseCompressedOops                        = true                           {product lp64_product} {ergonomic}
     bool UseG1GC                                  = true                                      {product} {ergonomic}
     bool UseNUMA                                  = false                                     {product} {ergonomic}
     bool UseNUMAInterleaving                      = false                                     {product} {ergonomic}

Logging:
Log output configuration:
 #0: stdout all=warning uptime,level,tags foldmultilines=false
 #1: stderr all=off uptime,level,tags foldmultilines=false

Environment Variables:
JAVA_HOME=/Users/edsonmartins/.sdkman/candidates/java/current
PATH=/Users/edsonmartins/.nvm/versions/node/v20.19.6/bin:/Users/edsonmartins/Library/pnpm:/Users/edsonmartins/.local/bin:/usr/local/mysql-8.0.27-macos11-x86_64/bin:/Users/edsonmartins/.sdkman/candidates/java/current/bin:/Users/edsonmartins/apache-maven-3.9.11/bin:/Users/edsonmartins/.npm-global/bin:/Users/edsonmartins/.meteor:/Users/edsonmartins/.yarn/bin:/Users/edsonmartins/.config/yarn/global/node_modules/.bin:/Users/relevantsolutions/Library/Android/sdk/tools:/Users/relevantsolutions/Library/Android/sdk/platform-tools:/opt/local/bin:/opt/local/sbin:/usr/local/bin:/usr/bin:/bin:/usr/sbin:/sbin:/Users/relevantsolutions/flutter/bin
SHELL=/bin/zsh
LC_CTYPE=UTF-8
TERM=xterm-256color
TMPDIR=/var/folders/8p/t848w4kx7zsgx19shqpgvzdm0000gn/T/

Active Locale:
LC_ALL=C/UTF-8/C/C/C/C
LC_COLLATE=C
LC_CTYPE=UTF-8
LC_MESSAGES=C
LC_MONETARY=C
LC_NUMERIC=C
LC_TIME=C

Signal Handlers:
   SIGSEGV: crash_handler in libjvm.dylib, mask=11100110000111110111111111111111, flags=SA_ONSTACK|SA_RESTART|SA_SIGINFO, unblocked
    SIGBUS: crash_handler in libjvm.dylib, mask=11100110000111110111111111111111, flags=SA_RESTART|SA_SIGINFO, unblocked
    SIGFPE: crash_handler in libjvm.dylib, mask=11100110000111110111111111111111, flags=SA_RESTART|SA_SIGINFO, unblocked
   SIGPIPE: javaSignalHandler in libjvm.dylib, mask=11100110000111110111111111111111, flags=SA_RESTART|SA_SIGINFO, blocked
   SIGXFSZ: javaSignalHandler in libjvm.dylib, mask=11100110000111110111111111111111, flags=SA_RESTART|SA_SIGINFO, blocked
    SIGILL: crash_handler in libjvm.dylib, mask=11100110000111110111111111111111, flags=SA_RESTART|SA_SIGINFO, unblocked
   SIGUSR2: SR_handler in libjvm.dylib, mask=00000000000000000000000000000000, flags=SA_RESTART|SA_SIGINFO, blocked
    SIGHUP: UserHandler in libjvm.dylib, mask=11100110000111110111111111111111, flags=SA_RESTART|SA_SIGINFO, blocked
    SIGINT: UserHandler in libjvm.dylib, mask=11100110000111110111111111111111, flags=SA_RESTART|SA_SIGINFO, blocked
   SIGTERM: UserHandler in libjvm.dylib, mask=11100110000111110111111111111111, flags=SA_RESTART|SA_SIGINFO, blocked
   SIGQUIT: UserHandler in libjvm.dylib, mask=11100110000111110111111111111111, flags=SA_RESTART|SA_SIGINFO, blocked
   SIGTRAP: crash_handler in libjvm.dylib, mask=11100110000111110111111111111111, flags=SA_RESTART|SA_SIGINFO, unblocked


Periodic native trim disabled

---------------  S Y S T E M  ---------------

OS:
uname: Darwin 19.6.0 Darwin Kernel Version 19.6.0: Tue Jun 21 21:18:39 PDT 2022; root:xnu-6153.141.66~1/RELEASE_X86_64 x86_64
OS uptime: 0 days 1:42 hours
rlimit (soft/hard): STACK 8192k/65532k , CORE 0k/infinity , NPROC 2784/4176 , NOFILE 10240/infinity , AS infinity/infinity , CPU infinity/infinity , DATA infinity/infinity , FSIZE infinity/infinity , MEMLOCK infinity/infinity , RSS infinity/infinity
load average: 26.61 14.38 13.16

CPU: total 8 (initial active 8) (4 cores per cpu, 2 threads per core) family 6 model 58 stepping 9 microcode 0x21, cx8, cmov, fxsr, ht, mmx, sse, sse2, sse3, ssse3, sse4.1, sse4.2, popcnt, tsc, tscinvbit, avx, aes, erms, clmul, vzeroupper, clflush, rdtscp, f16c
machdep.cpu.brand_string:Intel(R) Core(TM) i7-3615QM CPU @ 2.30GHz
hw.cpufrequency:2300000000
hw.cpufrequency_min:2300000000
hw.cpufrequency_max:2300000000
hw.cachelinesize:64
hw.l1icachesize:32768
hw.l1dcachesize:32768
hw.l2cachesize:262144
hw.l3cachesize:6291456

Memory: 4k page, physical 16777216k(747908k free), swap 3145728k(1303296k free)

vm_info: OpenJDK 64-Bit Server VM (23.0.2+7-jvmci-b01) for bsd-amd64 JRE (23.0.2+7-jvmci-b01), built on 2024-12-11T12:30:40Z with clang Apple LLVM 14.0.3 (clang-1403.0.22.14.1)

END.
